#
# A fatal error has been detected by the Java Runtime Environment:
#
#  EXCEPTION_ACCESS_VIOLATION (0xc0000005) at pc=0x000002068d8ae500, pid=5532, tid=12952
#
# JRE version: OpenJDK Runtime Environment Temurin-17.0.11+9 (17.0.11+9) (build 17.0.11+9)
# Java VM: OpenJDK 64-Bit Server VM Temurin-17.0.11+9 (17.0.11+9, mixed mode, tiered, compressed oops, compressed class ptrs, g1 gc, windows-amd64)
# Problematic frame:
# J 7018 c1 java.util.TreeSet.addAll(Ljava/util/Collection;)Z java.base@17.0.11 (82 bytes) @ 0x000002068d8ae500 [0x000002068d8ae4e0+0x0000000000000020]
#
# No core dump will be written. Minidumps are not enabled by default on client versions of Windows
#
# If you would like to submit a bug report, please visit:
#   https://github.com/adoptium/adoptium-support/issues
#

---------------  S U M M A R Y ------------

Command Line: -Dfile.encoding=UTF-8 -XX:+ShowCodeDetailsInExceptionMessages com.device.service.DeviceServiceApplication

Host: Intel(R) Core(TM) i5-10310U CPU @ 1.70GHz, 8 cores, 15G,  Windows 11 , 64 bit Build 22621 (10.0.22621.3672)
Time: Sun Jun 30 21:05:03 2024 India Standard Time elapsed time: 15525.097539 seconds (0d 4h 18m 45s)

---------------  T H R E A D  ---------------

Current thread (0x00000206af6b6050):  JavaThread "Catalina-utility-2" [_thread_in_Java, id=12952, stack(0x000000be20d00000,0x000000be20e00000)]

Stack: [0x000000be20d00000,0x000000be20e00000],  sp=0x000000be20dfebc8,  free space=1018k
Native frames: (J=compiled Java code, j=interpreted, Vv=VM code, C=native code)
C  0x000002068d8ae500

The last pc belongs to nmethod (printed below).

siginfo: EXCEPTION_ACCESS_VIOLATION (0xc0000005), data execution prevention violation at address 0x000002068d8ae500


Registers:
RAX=0x00000007093f65d0, RBX=0x0000000707566370, RCX=0x0000000000000000, RDX=0x000000070ad68b00
RSP=0x000000be20dfebc8, RBP=0x0000000707418788, RSI=0x0000000000000120, RDI=0x0000000000000476
R8 =0x00000007093f65d0, R9 =0x000000070ad68b00, R10=0x0000000800052318, R11=0x0000000800000000
R12=0x0000000000000000, R13=0x000002068d8cb53c, R14=0x000000be20dfece8, R15=0x00000206af6b6050
RIP=0x000002068d8ae500, EFLAGS=0x0000000000010202


Register to memory mapping:

RIP=0x000002068d8ae500 is at entry_point+32 in (nmethod*)0x000002068d8ae290
Compiled method (c1) 15525158 7018       3       java.util.TreeSet::addAll (82 bytes)
 total in heap  [0x000002068d8ae290,0x000002068d8af2c8] = 4152
 relocation     [0x000002068d8ae3e8,0x000002068d8ae4d0] = 232
 main code      [0x000002068d8ae4e0,0x000002068d8af020] = 2880
 stub code      [0x000002068d8af020,0x000002068d8af0b8] = 152
 metadata       [0x000002068d8af0b8,0x000002068d8af0d8] = 32
 scopes data    [0x000002068d8af0d8,0x000002068d8af180] = 168
 scopes pcs     [0x000002068d8af180,0x000002068d8af290] = 272
 dependencies   [0x000002068d8af290,0x000002068d8af298] = 8
 nul chk table  [0x000002068d8af298,0x000002068d8af2c8] = 48
RAX=0x00000007093f65d0 is an oop: java.util.concurrent.ConcurrentHashMap$ValuesView 
{0x00000007093f65d0} - klass: 'java/util/concurrent/ConcurrentHashMap$ValuesView'
 - ---- fields (total size 2 words):
 - final 'map' 'Ljava/util/concurrent/ConcurrentHashMap;' @12  a 'java/util/concurrent/ConcurrentHashMap'{0x0000000707566370} (e0eacc6e)
RBX=0x0000000707566370 is an oop: java.util.concurrent.ConcurrentHashMap 
{0x0000000707566370} - klass: 'java/util/concurrent/ConcurrentHashMap'
 - ---- fields (total size 8 words):
 - transient 'keySet' 'Ljava/util/Set;' @12  NULL (0)
 - transient 'values' 'Ljava/util/Collection;' @16  NULL (0)
 - private volatile transient 'sizeCtl' 'I' @20  12 (c)
 - private volatile transient 'baseCount' 'J' @24  2 (2 0)
 - private volatile transient 'transferIndex' 'I' @32  0
 - private volatile transient 'cellsBusy' 'I' @36  0
 - volatile transient 'table' '[Ljava/util/concurrent/ConcurrentHashMap$Node;' @40  a 'java/util/concurrent/ConcurrentHashMap$Node'[16] {0x00000007075663b0} (e0eacc76)
 - private volatile transient 'nextTable' '[Ljava/util/concurrent/ConcurrentHashMap$Node;' @44  NULL (0)
 - private volatile transient 'counterCells' '[Ljava/util/concurrent/ConcurrentHashMap$CounterCell;' @48  NULL (0)
 - private transient 'keySet' 'Ljava/util/concurrent/ConcurrentHashMap$KeySetView;' @52  NULL (0)
 - private transient 'values' 'Ljava/util/concurrent/ConcurrentHashMap$ValuesView;' @56  a 'java/util/concurrent/ConcurrentHashMap$ValuesView'{0x00000007093f65d0} (e127ecba)
 - private transient 'entrySet' 'Ljava/util/concurrent/ConcurrentHashMap$EntrySetView;' @60  NULL (0)
RCX=0x0 is NULL
RDX=0x000000070ad68b00 is an oop: java.util.TreeSet 
{0x000000070ad68b00} - klass: 'java/util/TreeSet'
 - ---- fields (total size 2 words):
 - private transient 'm' 'Ljava/util/NavigableMap;' @12  a 'java/util/TreeMap'{0x000000070ad68b20} (e15ad164)
RSP=0x000000be20dfebc8 is pointing into the stack for thread: 0x00000206af6b6050
RBP=0x0000000707418788 is an oop: java.util.concurrent.Executors$RunnableAdapter 
{0x0000000707418788} - klass: 'java/util/concurrent/Executors$RunnableAdapter'
 - ---- fields (total size 3 words):
 - private final 'task' 'Ljava/lang/Runnable;' @12  a 'org/apache/catalina/core/ContainerBase$ContainerBackgroundProcessor'{0x00000007074187a0} (e0e830f4)
 - private final 'result' 'Ljava/lang/Object;' @16  NULL (0)
RSI=0x0000000000000120 is an unknown value
RDI=0x0000000000000476 is an unknown value
R8 =0x00000007093f65d0 is an oop: java.util.concurrent.ConcurrentHashMap$ValuesView 
{0x00000007093f65d0} - klass: 'java/util/concurrent/ConcurrentHashMap$ValuesView'
 - ---- fields (total size 2 words):
 - final 'map' 'Ljava/util/concurrent/ConcurrentHashMap;' @12  a 'java/util/concurrent/ConcurrentHashMap'{0x0000000707566370} (e0eacc6e)
R9 =0x000000070ad68b00 is an oop: java.util.TreeSet 
{0x000000070ad68b00} - klass: 'java/util/TreeSet'
 - ---- fields (total size 2 words):
 - private transient 'm' 'Ljava/util/NavigableMap;' @12  a 'java/util/TreeMap'{0x000000070ad68b20} (e15ad164)
R10=0x0000000800052318 is a pointer to class: 
java.util.concurrent.ConcurrentHashMap {0x0000000800052320}
 - instance size:     8
 - klass size:        180
 - access:            public synchronized 
 - state:             fully_initialized
 - name:              'java/util/concurrent/ConcurrentHashMap'
 - super:             'java/util/AbstractMap'
 - sub:               'com/fasterxml/jackson/core/util/InternCache'   
 - arrays:            NULL
 - methods:           Array<T>(0x00000206a90edf88)
 - method ordering:   Array<T>(0x00000206a9000018)
 - default_methods:   Array<T>(0x0000000000000000)
 - local interfaces:  Array<T>(0x00000206a90ebbe0)
 - trans. interfaces: Array<T>(0x00000206a90f7d00)
 - constants:         constant pool [1210] {0x00000206a90e92b0} for 'java/util/concurrent/ConcurrentHashMap' cache=0x00000206a919be70
 - class loader data:  loader data: 0x00000206a5bfcc60 of 'bootstrap'
 - source file:       'ConcurrentHashMap.java'
 - class annotations:       Array<T>(0x0000000000000000)
 - class type annotations:  Array<T>(0x0000000000000000)
 - field annotations:       Array<T>(0x0000000000000000)
 - field type annotations:  Array<T>(0x0000000000000000)
 - generic signature: '<K:Ljava/lang/Object;V:Ljava/lang/Object;>Ljava/util/AbstractMap<TK;TV;>;Ljava/util/concurrent/ConcurrentMap<TK;TV;>;Ljava/io/Serializable;'
 - inner classes:     Array<T>(0x00000206a90f6028)
 - nest members:     Array<T>(0x00000206a90f61f8)
 - permitted subclasses:     Array<T>(0x00000206a9000028)
 - java mirror:       a 'java/lang/Class'{0x00000007063d3850} = 'java/util/concurrent/ConcurrentHashMap'
 - vtable length      67  (start addr: 0x00000008000524e0)
 - itable length      54 (start addr: 0x00000008000526f8)
 - ---- static fields (17 words):
 - private static final 'serialVersionUID' 'J' @120 
 - private static final 'MAXIMUM_CAPACITY' 'I' @168 
 - private static final 'DEFAULT_CAPACITY' 'I' @172 
 - static final 'MAX_ARRAY_SIZE' 'I' @176 
 - private static final 'DEFAULT_CONCURRENCY_LEVEL' 'I' @180 
 - private static final 'LOAD_FACTOR' 'F' @184 
 - static final 'TREEIFY_THRESHOLD' 'I' @188 
 - static final 'UNTREEIFY_THRESHOLD' 'I' @192 
 - static final 'MIN_TREEIFY_CAPACITY' 'I' @196 
 - private static final 'MIN_TRANSFER_STRIDE' 'I' @200 
 - private static final 'RESIZE_STAMP_BITS' 'I' @204 
 - private static final 'MAX_RESIZERS' 'I' @208 
 - private static final 'RESIZE_STAMP_SHIFT' 'I' @212 
 - static final 'MOVED' 'I' @216 
 - static final 'TREEBIN' 'I' @220 
 - static final 'RESERVED' 'I' @224 
 - static final 'HASH_BITS' 'I' @228 
 - static final 'NCPU' 'I' @232 
 - private static final 'serialPersistentFields' '[Ljava/io/ObjectStreamField;' @112 
 - private static final 'U' 'Ljdk/internal/misc/Unsafe;' @116 
 - private static final 'SIZECTL' 'J' @128 
 - private static final 'TRANSFERINDEX' 'J' @136 
 - private static final 'BASECOUNT' 'J' @144 
 - private static final 'CELLSBUSY' 'J' @152 
 - private static final 'CELLVALUE' 'J' @160 
 - private static final 'ABASE' 'I' @236 
 - private static final 'ASHIFT' 'I' @240 
 - ---- non-static fields (13 words):
 - transient 'keySet' 'Ljava/util/Set;' @12 
 - transient 'values' 'Ljava/util/Collection;' @16 
 - private volatile transient 'sizeCtl' 'I' @20 
 - private volatile transient 'baseCount' 'J' @24 
 - private volatile transient 'transferIndex' 'I' @32 
 - private volatile transient 'cellsBusy' 'I' @36 
 - volatile transient 'table' '[Ljava/util/concurrent/ConcurrentHashMap$Node;' @40 
 - private volatile transient 'nextTable' '[Ljava/util/concurrent/ConcurrentHashMap$Node;' @44 
 - private volatile transient 'counterCells' '[Ljava/util/concurrent/ConcurrentHashMap$CounterCell;' @48 
 - private transient 'keySet' 'Ljava/util/concurrent/ConcurrentHashMap$KeySetView;' @52 
 - private transient 'values' 'Ljava/util/concurrent/ConcurrentHashMap$ValuesView;' @56 
 - private transient 'entrySet' 'Ljava/util/concurrent/ConcurrentHashMap$EntrySetView;' @60 
 - non-static oop maps: 12-16 40-60 
R11=0x0000000800000000 is pointing into metadata
R12=0x0 is NULL
R13=0x000002068d8cb53c is at entry_point+2492 in (nmethod*)0x000002068d8ca790
Compiled method (c1) 15526621 7115  s!   3       org.apache.catalina.core.StandardContext::backgroundProcess (203 bytes)
 total in heap  [0x000002068d8ca790,0x000002068d8cd668] = 11992
 relocation     [0x000002068d8ca8e8,0x000002068d8cab78] = 656
 main code      [0x000002068d8cab80,0x000002068d8cc9e0] = 7776
 stub code      [0x000002068d8cc9e0,0x000002068d8ccb28] = 328
 oops           [0x000002068d8ccb28,0x000002068d8ccb68] = 64
 metadata       [0x000002068d8ccb68,0x000002068d8ccc68] = 256
 scopes data    [0x000002068d8ccc68,0x000002068d8cd010] = 936
 scopes pcs     [0x000002068d8cd010,0x000002068d8cd410] = 1024
 dependencies   [0x000002068d8cd410,0x000002068d8cd460] = 80
 handler table  [0x000002068d8cd460,0x000002068d8cd5e0] = 384
 nul chk table  [0x000002068d8cd5e0,0x000002068d8cd668] = 136
R14=0x000000be20dfece8 is pointing into the stack for thread: 0x00000206af6b6050
R15=0x00000206af6b6050 is a thread


Top of Stack: (sp=0x000000be20dfebc8)
0x000000be20dfebc8:   000002068d92cebc 000000070ad68b10
0x000000be20dfebd8:   0000000000000000 000000070ad68ab8
0x000000be20dfebe8:   00000007093751f8 000000be20dfebf0
0x000000be20dfebf8:   00000206aaeede5d 000000be20dfec48
0x000000be20dfec08:   00000206aaef3f30 0000000000000000
0x000000be20dfec18:   000000070722b560 00000007067bf6c0
0x000000be20dfec28:   0000019069c90706 0000000000000000
0x000000be20dfec38:   0000000000000000 0000000000000000
0x000000be20dfec48:   000000070757d060 0000000707418788
0x000000be20dfec58:   000002068d8c5514 000000be20dfece8
0x000000be20dfec68:   00000206aaef3f30 00000206b54ef9b8
0x000000be20dfec78:   000000070722b560 00000206aaeed610
0x000000be20dfec88:   0000000000000000 000000070724ca98
0x000000be20dfec98:   00000007073be458 000000070ad68b00
0x000000be20dfeca8:   00000007075662e0 0000000707579078
0x000000be20dfecb8:   0000000707415030 000000070ad68ab8
0x000000be20dfecc8:   0000000000000000 000000070ad68ab8
0x000000be20dfecd8:   0000019069c90706 0000000707418788
0x000000be20dfece8:   000002068d8cbacc 0000000000000000
0x000000be20dfecf8:   0000000000002400 0000000000000000
0x000000be20dfed08:   000000070ad68a60 0000000707416758
0x000000be20dfed18:   000000070ad68a60 0000000707418788
0x000000be20dfed28:   000002068d329a4c 000000070ad68a60
0x000000be20dfed38:   000002068d113694 0000000707418788
0x000000be20dfed48:   000002068d878b44 0000000000000005
0x000000be20dfed58:   0000000000000002 0000000000000000
0x000000be20dfed68:   000000be00000000 00000007074164e8
0x000000be20dfed78:   00000007074164e8 000000070757e5a8
0x000000be20dfed88:   00000007074119d0 000000070757d060
0x000000be20dfed98:   000000070757e548 0000000707415030
0x000000be20dfeda8:   000000070712edd8 00000007063e5648
0x000000be20dfedb8:   00000062eca6a109 00000007074164e8 

Instructions: (pc=0x000002068d8ae500)
0x000002068d8ae400:   30 64 10 c0 94 c0 2e c0 48 c0 16 c0 23 c0 93 c0
0x000002068d8ae410:   2e c0 3c c0 16 c0 23 c0 93 c0 27 c0 16 c0 30 64
0x000002068d8ae420:   10 c0 94 c0 25 c0 0a f0 ad 24 10 c0 0a c0 21 c0
0x000002068d8ae430:   12 c0 2b c0 3a c0 3c c0 0a f0 aa 24 08 c0 41 c0
0x000002068d8ae440:   1f c0 43 c0 15 34 0d b0 1b c0 0a c0 1c 10 12 34
0x000002068d8ae450:   0f b0 0e c0 17 64 0a 64 05 64 09 64 09 64 05 64
0x000002068d8ae460:   05 64 05 c0 17 64 0a 64 dd f0 05 80 11 64 91 f0
0x000002068d8ae470:   05 80 11 64 29 64 0f 00 01 f8 fb fe 05 50 00 c0
0x000002068d8ae480:   0a 64 01 f8 03 fe 06 50 00 c0 0a 64 01 f8 6b f8
0x000002068d8ae490:   06 50 00 c0 0a 64 01 f8 d3 f6 06 50 00 c0 0a 64
0x000002068d8ae4a0:   01 f8 09 f6 06 50 00 c0 0a 64 01 f8 a9 f5 06 50
0x000002068d8ae4b0:   00 c0 0a 64 05 64 03 f8 b0 ed 30 9a ff 7f 05 70
0x000002068d8ae4c0:   0e 60 01 f8 ee fd 0e 90 0c 64 00 00 00 00 00 00
0x000002068d8ae4d0:   00 00 00 00 00 00 00 00 00 00 00 00 00 00 00 00
0x000002068d8ae4e0:   44 8b 52 08 49 bb 00 00 00 00 08 00 00 00 4d 03
0x000002068d8ae4f0:   d3 4c 3b d0 0f 85 86 2b 8d 06 66 0f 1f 44 00 00
0x000002068d8ae500:   89 84 24 00 90 ff ff 55 48 83 ec 60 48 89 54 24
0x000002068d8ae510:   40 4c 89 44 24 38 48 be 90 ac f9 ac 06 02 00 00
0x000002068d8ae520:   8b be cc 00 00 00 83 c7 02 89 be cc 00 00 00 81
0x000002068d8ae530:   e7 fe 07 00 00 83 ff 00 0f 84 16 0a 00 00 8b 72
0x000002068d8ae540:   0c 48 c1 e6 03 48 3b 06 48 8b fe 48 bb 90 ac f9
0x000002068d8ae550:   ac 06 02 00 00 8b 7f 08 49 ba 00 00 00 00 08 00
0x000002068d8ae560:   00 00 49 03 fa 48 3b bb 20 01 00 00 75 0d 48 83
0x000002068d8ae570:   83 28 01 00 00 01 e9 66 00 00 00 48 3b bb 30 01
0x000002068d8ae580:   00 00 75 0d 48 83 83 38 01 00 00 01 e9 50 00 00
0x000002068d8ae590:   00 48 81 bb 20 01 00 00 00 00 00 00 75 17 48 89
0x000002068d8ae5a0:   bb 20 01 00 00 48 c7 83 28 01 00 00 01 00 00 00
0x000002068d8ae5b0:   e9 2c 00 00 00 48 81 bb 30 01 00 00 00 00 00 00
0x000002068d8ae5c0:   75 17 48 89 bb 30 01 00 00 48 c7 83 38 01 00 00
0x000002068d8ae5d0:   01 00 00 00 e9 08 00 00 00 48 83 83 10 01 00 00
0x000002068d8ae5e0:   01 48 8b d6 90 48 b8 28 39 01 00 08 00 00 00 e8
0x000002068d8ae5f0:   ac ac ef 06 83 f8 00 48 ba 90 ac f9 ac 06 02 00 


Stack slot to memory mapping:
stack at sp + 0 slots: 0x000002068d92cebc is at entry_point+3100 in (nmethod*)0x000002068d92bf10
Compiled method (c1) 15526721 7308       3       org.apache.catalina.webresources.Cache::backgroundProcess (120 bytes)
 total in heap  [0x000002068d92bf10,0x000002068d92e770] = 10336
 relocation     [0x000002068d92c068,0x000002068d92c2a0] = 568
 main code      [0x000002068d92c2a0,0x000002068d92de60] = 7104
 stub code      [0x000002068d92de60,0x000002068d92df38] = 216
 oops           [0x000002068d92df38,0x000002068d92df80] = 72
 metadata       [0x000002068d92df80,0x000002068d92e078] = 248
 scopes data    [0x000002068d92e078,0x000002068d92e380] = 776
 scopes pcs     [0x000002068d92e380,0x000002068d92e700] = 896
 dependencies   [0x000002068d92e700,0x000002068d92e718] = 24
 nul chk table  [0x000002068d92e718,0x000002068d92e770] = 88
stack at sp + 1 slots: 0x000000070ad68b10 is an oop: java.util.Comparator$$Lambda$738/0x0000000800461c40 
{0x000000070ad68b10} - klass: 'java/util/Comparator$$Lambda$738+0x0000000800461c40'
 - ---- fields (total size 2 words):
 - private final 'arg$1' 'Ljava/util/function/ToLongFunction;' @12  a 'org/apache/catalina/webresources/Cache$$Lambda$1447+0x000000080096fa48'{0x00000007073be458} (e0e77c8b)
stack at sp + 2 slots: 0x0 is NULL
stack at sp + 3 slots: 0x000000070ad68ab8 is an oop: [Lorg.apache.catalina.Session; 
{0x000000070ad68ab8} - klass: 'org/apache/catalina/Session'[]
 - length: 0
stack at sp + 4 slots: 0x00000007093751f8 is an oop: java.util.concurrent.ConcurrentHashMap$ValuesView 
{0x00000007093751f8} - klass: 'java/util/concurrent/ConcurrentHashMap$ValuesView'
 - ---- fields (total size 2 words):
 - final 'map' 'Ljava/util/concurrent/ConcurrentHashMap;' @12  a 'java/util/concurrent/ConcurrentHashMap'{0x0000000707581650} (e0eb02ca)
stack at sp + 5 slots: 0x000000be20dfebf0 is pointing into the stack for thread: 0x00000206af6b6050
stack at sp + 6 slots: 0x00000206aaeede5d is pointing into metadata
stack at sp + 7 slots: 0x000000be20dfec48 is pointing into the stack for thread: 0x00000206af6b6050


Compiled method (c1) 15526740 7018       3       java.util.TreeSet::addAll (82 bytes)
 total in heap  [0x000002068d8ae290,0x000002068d8af2c8] = 4152
 relocation     [0x000002068d8ae3e8,0x000002068d8ae4d0] = 232
 main code      [0x000002068d8ae4e0,0x000002068d8af020] = 2880
 stub code      [0x000002068d8af020,0x000002068d8af0b8] = 152
 metadata       [0x000002068d8af0b8,0x000002068d8af0d8] = 32
 scopes data    [0x000002068d8af0d8,0x000002068d8af180] = 168
 scopes pcs     [0x000002068d8af180,0x000002068d8af290] = 272
 dependencies   [0x000002068d8af290,0x000002068d8af298] = 8
 nul chk table  [0x000002068d8af298,0x000002068d8af2c8] = 48

[Constant Pool (empty)]

[MachCode]
[Entry Point]
  # {method} {0x00000206a9546f48} 'addAll' '(Ljava/util/Collection;)Z' in 'java/util/TreeSet'
  # this:     rdx:rdx   = 'java/util/TreeSet'
  # parm0:    r8:r8     = 'java/util/Collection'
  #           [sp+0x70]  (sp of caller)
  0x000002068d8ae4e0: 448b 5208 | 49bb 0000 | 0000 0800 | 0000 4d03 | d34c 3bd0 

  0x000002068d8ae4f4: ;   {runtime_call ic_miss_stub}
  0x000002068d8ae4f4: 0f85 862b | 8d06 660f | 1f44 0000 
[Verified Entry Point]
  0x000002068d8ae500: 8984 2400 | 90ff ff55 | 4883 ec60 | 4889 5424 | 404c 8944 

  0x000002068d8ae514: ;   {metadata(method data for {method} {0x00000206a9546f48} 'addAll' '(Ljava/util/Collection;)Z' in 'java/util/TreeSet')}
  0x000002068d8ae514: 2438 48be | 90ac f9ac | 0602 0000 | 8bbe cc00 | 0000 83c7 | 0289 becc | 0000 0081 | e7fe 0700 
  0x000002068d8ae534: 0083 ff00 | 0f84 160a | 0000 8b72 | 0c48 c1e6 | 0348 3b06 

  0x000002068d8ae548: ;   {metadata(method data for {method} {0x00000206a9546f48} 'addAll' '(Ljava/util/Collection;)Z' in 'java/util/TreeSet')}
  0x000002068d8ae548: 488b fe48 | bb90 acf9 | ac06 0200 | 008b 7f08 | 49ba 0000 | 0000 0800 | 0000 4903 | fa48 3bbb 
  0x000002068d8ae568: 2001 0000 | 750d 4883 | 8328 0100 | 0001 e966 | 0000 0048 | 3bbb 3001 | 0000 750d | 4883 8338 
  0x000002068d8ae588: 0100 0001 | e950 0000 | 0048 81bb | 2001 0000 | 0000 0000 | 7517 4889 | bb20 0100 | 0048 c783 
  0x000002068d8ae5a8: 2801 0000 | 0100 0000 | e92c 0000 | 0048 81bb | 3001 0000 | 0000 0000 | 7517 4889 | bb30 0100 
  0x000002068d8ae5c8: 0048 c783 | 3801 0000 | 0100 0000 | e908 0000 | 0048 8383 | 1001 0000 | 0148 8bd6 | 9048 b828 
  0x000002068d8ae5e8: 3901 0008 

  0x000002068d8ae5ec: ;   {virtual_call}
  0x000002068d8ae5ec: 0000 00e8 

  0x000002068d8ae5f0: ; ImmutableOopMap {[56]=Oop [64]=Oop }
                      ;*invokeinterface size {reexecute=0 rethrow=0 return_oop=0}
                      ; - java.util.TreeSet::addAll@4 (line 300)
  0x000002068d8ae5f0: acac ef06 

  0x000002068d8ae5f4: ;   {metadata(method data for {method} {0x00000206a9546f48} 'addAll' '(Ljava/util/Collection;)Z' in 'java/util/TreeSet')}
  0x000002068d8ae5f4: 83f8 0048 | ba90 acf9 | ac06 0200 | 0048 be58 | 0100 0000 | 0000 000f | 840a 0000 | 0048 be48 
  0x000002068d8ae614: 0100 0000 | 0000 0048 | 8b3c 3248 | 8d7f 0148 | 893c 324c | 8b44 2438 | 0f84 0a00 | 0000 488b 
  0x000002068d8ae634: 5424 40e9 | 8308 0000 

  0x000002068d8ae63c: ; implicit exception: dispatches to 0x000002068d8aef7a
  0x000002068d8ae63c: 493b 0049 

  0x000002068d8ae640: ;   {metadata(method data for {method} {0x00000206a9546f48} 'addAll' '(Ljava/util/Collection;)Z' in 'java/util/TreeSet')}
  0x000002068d8ae640: 8bd0 48be | 90ac f9ac | 0602 0000 | 8b52 0849 | ba00 0000 | 0008 0000 | 0049 03d2 | 483b 9678 
  0x000002068d8ae660: 0100 0075 | 0d48 8386 | 8001 0000 | 01e9 6600 | 0000 483b | 9688 0100 | 0075 0d48 | 8386 9001 
  0x000002068d8ae680: 0000 01e9 | 5000 0000 | 4881 be78 | 0100 0000 | 0000 0075 | 1748 8996 | 7801 0000 | 48c7 8680 
  0x000002068d8ae6a0: 0100 0001 | 0000 00e9 | 2c00 0000 | 4881 be88 | 0100 0000 | 0000 0075 | 1748 8996 | 8801 0000 
  0x000002068d8ae6c0: 48c7 8690 | 0100 0001 | 0000 00e9 | 0800 0000 | 4883 8668 | 0100 0001 | 498b d066 | 9048 b830 
  0x000002068d8ae6e0: 7203 0008 

  0x000002068d8ae6e4: ;   {virtual_call}
  0x000002068d8ae6e4: 0000 00e8 

  0x000002068d8ae6e8: ; ImmutableOopMap {[64]=Oop [56]=Oop }
                      ;*invokeinterface size {reexecute=0 rethrow=0 return_oop=0}
                      ; - java.util.TreeSet::addAll@13 (line 300)
  0x000002068d8ae6e8: 541d 42ff 

  0x000002068d8ae6ec: ;   {metadata(method data for {method} {0x00000206a9546f48} 'addAll' '(Ljava/util/Collection;)Z' in 'java/util/TreeSet')}
  0x000002068d8ae6ec: 83f8 0048 | ba90 acf9 | ac06 0200 | 0048 beb0 | 0100 0000 | 0000 000f | 8f0a 0000 | 0048 bea0 
  0x000002068d8ae70c: 0100 0000 | 0000 0048 | 8b3c 3248 | 8d7f 0148 | 893c 324c | 8b44 2438 | 0f8f 0a00 | 0000 488b 
  0x000002068d8ae72c: 5424 40e9 | 8b07 0000 | 4983 f800 

  0x000002068d8ae738: ;   {metadata(method data for {method} {0x00000206a9546f48} 'addAll' '(Ljava/util/Collection;)Z' in 'java/util/TreeSet')}
  0x000002068d8ae738: 7516 48bf | 90ac f9ac | 0602 0000 | 808f b901 | 0000 01e9 | f000 0000 

  0x000002068d8ae750: ;   {metadata('java/util/SortedSet')}
  0x000002068d8ae750: 48bb 082b | 0100 0800 | 0000 418b | 7808 49ba | 0000 0000 | 0800 0000 | 4903 fa48 | 3b5f 200f 
  0x000002068d8ae770: 841b 0000 | 0048 3bfb | 0f84 1200 | 0000 5753 

  0x000002068d8ae780: ;   {runtime_call slow_subtype_check Runtime1 stub}
  0x000002068d8ae780: e8fb 7997 | 065f 5f83 | ff00 0f84 | 9400 0000 

  0x000002068d8ae790: ;   {metadata(method data for {method} {0x00000206a9546f48} 'addAll' '(Ljava/util/Collection;)Z' in 'java/util/TreeSet')}
  0x000002068d8ae790: 48bf 90ac | f9ac 0602 | 0000 418b | 5808 49ba | 0000 0000 | 0800 0000 | 4903 da48 | 3b9f d001 
  0x000002068d8ae7b0: 0000 750d | 4883 87d8 | 0100 0001 | e984 0000 | 0048 3b9f | e001 0000 | 750d 4883 | 87e8 0100 
  0x000002068d8ae7d0: 0001 e96e | 0000 0048 | 81bf d001 | 0000 0000 | 0000 7517 | 4889 9fd0 | 0100 0048 | c787 d801 
  0x000002068d8ae7f0: 0000 0100 | 0000 e94a | 0000 0048 | 81bf e001 | 0000 0000 | 0000 7517 | 4889 9fe0 | 0100 0048 
  0x000002068d8ae810: c787 e801 | 0000 0100 | 0000 e926 | 0000 00e9 | 2100 0000 

  0x000002068d8ae824: ;   {metadata(method data for {method} {0x00000206a9546f48} 'addAll' '(Ljava/util/Collection;)Z' in 'java/util/TreeSet')}
  0x000002068d8ae824: 48bf 90ac | f9ac 0602 | 0000 4883 | afc0 0100 | 0001 e905 | 0000 00e9 | 0500 0000 | 4833 d2eb 
  0x000002068d8ae844: 0a48 ba01 | 0000 0000 | 0000 0083 

  0x000002068d8ae850: ;   {metadata(method data for {method} {0x00000206a9546f48} 'addAll' '(Ljava/util/Collection;)Z' in 'java/util/TreeSet')}
  0x000002068d8ae850: fa00 48ba | 90ac f9ac | 0602 0000 | 48be f801 | 0000 0000 | 0000 0f84 | 0a00 0000 | 48be 0802 
  0x000002068d8ae870: 0000 0000 | 0000 488b | 3c32 488d | 7f01 4889 | 3c32 488b | 5424 400f | 8432 0600 | 008b 720c 
  0x000002068d8ae890: 48c1 e603 | 4883 fe00 

  0x000002068d8ae898: ;   {metadata(method data for {method} {0x00000206a9546f48} 'addAll' '(Ljava/util/Collection;)Z' in 'java/util/TreeSet')}
  0x000002068d8ae898: 7516 48b8 | 90ac f9ac | 0602 0000 | 8088 1102 | 0000 01e9 | d200 0000 

  0x000002068d8ae8b0: ;   {metadata('java/util/TreeMap')}
  0x000002068d8ae8b0: 48b9 2839 | 0100 0800 | 0000 8b5e | 0849 ba00 | 0000 0008 | 0000 0049 | 03da 483b | cb0f 8593 
  0x000002068d8ae8d0: ;   {metadata(method data for {method} {0x00000206a9546f48} 'addAll' '(Ljava/util/Collection;)Z' in 'java/util/TreeSet')}
  0x000002068d8ae8d0: 0000 0048 | b890 acf9 | ac06 0200 | 008b 4e08 | 49ba 0000 | 0000 0800 | 0000 4903 | ca48 3b88 
  0x000002068d8ae8f0: 2802 0000 | 750d 4883 | 8030 0200 | 0001 e984 | 0000 0048 | 3b88 3802 | 0000 750d | 4883 8040 
  0x000002068d8ae910: 0200 0001 | e96e 0000 | 0048 81b8 | 2802 0000 | 0000 0000 | 7517 4889 | 8828 0200 | 0048 c780 
  0x000002068d8ae930: 3002 0000 | 0100 0000 | e94a 0000 | 0048 81b8 | 3802 0000 | 0000 0000 | 7517 4889 | 8838 0200 
  0x000002068d8ae950: 0048 c780 | 4002 0000 | 0100 0000 | e926 0000 | 00e9 2100 

  0x000002068d8ae964: ;   {metadata(method data for {method} {0x00000206a9546f48} 'addAll' '(Ljava/util/Collection;)Z' in 'java/util/TreeSet')}
  0x000002068d8ae964: 0000 48b8 | 90ac f9ac | 0602 0000 | 4883 a818 | 0200 0001 | e905 0000 | 00e9 0500 | 0000 4833 
  0x000002068d8ae984: ffeb 0a48 | bf01 0000 | 0000 0000 | 0083 ff00 

  0x000002068d8ae994: ;   {metadata(method data for {method} {0x00000206a9546f48} 'addAll' '(Ljava/util/Collection;)Z' in 'java/util/TreeSet')}
  0x000002068d8ae994: 48bf 90ac | f9ac 0602 | 0000 48bb | 5002 0000 | 0000 0000 | 0f84 0a00 | 0000 48bb | 6002 0000 
  0x000002068d8ae9b4: 0000 0000 | 488b 041f | 488d 4001 | 4889 041f | 0f84 f504 | 0000 4883 | fe00 7516 

  0x000002068d8ae9d0: ;   {metadata(method data for {method} {0x00000206a9546f48} 'addAll' '(Ljava/util/Collection;)Z' in 'java/util/TreeSet')}
  0x000002068d8ae9d0: 48bb 90ac | f9ac 0602 | 0000 808b | 6902 0000 | 01e9 d200 

  0x000002068d8ae9e4: ;   {metadata('java/util/TreeMap')}
  0x000002068d8ae9e4: 0000 48b8 | 2839 0100 | 0800 0000 | 8b7e 0849 | ba00 0000 | 0008 0000 | 0049 03fa | 483b c70f 
  0x000002068d8aea04: 8593 0000 

  0x000002068d8aea08: ;   {metadata(method data for {method} {0x00000206a9546f48} 'addAll' '(Ljava/util/Collection;)Z' in 'java/util/TreeSet')}
  0x000002068d8aea08: 0048 bb90 | acf9 ac06 | 0200 008b | 4608 49ba | 0000 0000 | 0800 0000 | 4903 c248 | 3b83 8002 
  0x000002068d8aea28: 0000 750d | 4883 8388 | 0200 0001 | e97f 0000 | 0048 3b83 | 9002 0000 | 750d 4883 | 8398 0200 
  0x000002068d8aea48: 0001 e969 | 0000 0048 | 81bb 8002 | 0000 0000 | 0000 7517 | 4889 8380 | 0200 0048 | c783 8802 
  0x000002068d8aea68: 0000 0100 | 0000 e945 | 0000 0048 | 81bb 9002 | 0000 0000 | 0000 7517 | 4889 8390 | 0200 0048 
  0x000002068d8aea88: c783 9802 | 0000 0100 | 0000 e921 | 0000 00e9 | 1c00 0000 

  0x000002068d8aea9c: ;   {metadata(method data for {method} {0x00000206a9546f48} 'addAll' '(Ljava/util/Collection;)Z' in 'java/util/TreeSet')}
  0x000002068d8aea9c: 48bb 90ac | f9ac 0602 | 0000 4883 | ab70 0200 | 0001 e9cc | 0400 00e9 | 0000 0000 | 4889 7424 
  0x000002068d8aeabc: 4849 83f8 

  0x000002068d8aeac0: ;   {metadata(method data for {method} {0x00000206a9546f48} 'addAll' '(Ljava/util/Collection;)Z' in 'java/util/TreeSet')}
  0x000002068d8aeac0: 0075 1648 | b890 acf9 | ac06 0200 | 0080 88a1 | 0200 0001 | e9f0 0000 

  0x000002068d8aead8: ;   {metadata('java/util/SortedSet')}
  0x000002068d8aead8: 0048 b908 | 2b01 0008 | 0000 0041 | 8b40 0849 | ba00 0000 | 0008 0000 | 0049 03c2 | 483b 4820 
  0x000002068d8aeaf8: 0f84 1b00 | 0000 483b | c10f 8412 | 0000 0050 

  0x000002068d8aeb08: ;   {runtime_call slow_subtype_check Runtime1 stub}
  0x000002068d8aeb08: 51e8 7276 | 9706 5858 | 83f8 000f | 8494 0000 

  0x000002068d8aeb18: ;   {metadata(method data for {method} {0x00000206a9546f48} 'addAll' '(Ljava/util/Collection;)Z' in 'java/util/TreeSet')}
  0x000002068d8aeb18: 0048 b890 | acf9 ac06 | 0200 0041 | 8b48 0849 | ba00 0000 | 0008 0000 | 0049 03ca | 483b 88b8 
  0x000002068d8aeb38: 0200 0075 | 0d48 8380 | c002 0000 | 01e9 7f00 | 0000 483b | 88c8 0200 | 0075 0d48 | 8380 d002 
  0x000002068d8aeb58: 0000 01e9 | 6900 0000 | 4881 b8b8 | 0200 0000 | 0000 0075 | 1748 8988 | b802 0000 | 48c7 80c0 
  0x000002068d8aeb78: 0200 0001 | 0000 00e9 | 4500 0000 | 4881 b8c8 | 0200 0000 | 0000 0075 | 1748 8988 | c802 0000 
  0x000002068d8aeb98: 48c7 80d0 | 0200 0001 | 0000 00e9 | 2100 0000 | e91c 0000 

  0x000002068d8aebac: ;   {metadata(method data for {method} {0x00000206a9546f48} 'addAll' '(Ljava/util/Collection;)Z' in 'java/util/TreeSet')}
  0x000002068d8aebac: 0048 b890 | acf9 ac06 | 0200 0048 | 83a8 a802 | 0000 01e9 | c403 0000 | e900 0000 | 0049 8bf8 
  0x000002068d8aebcc: ; implicit exception: dispatches to 0x000002068d8aef91
  0x000002068d8aebcc: 483b 0748 

  0x000002068d8aebd0: ;   {metadata(method data for {method} {0x00000206a9546f48} 'addAll' '(Ljava/util/Collection;)Z' in 'java/util/TreeSet')}
  0x000002068d8aebd0: 8bdf 48b8 | 90ac f9ac | 0602 0000 | 8b5b 0849 | ba00 0000 | 0008 0000 | 0049 03da | 483b 98f0 
  0x000002068d8aebf0: 0200 0075 | 0d48 8380 | f802 0000 | 01e9 6600 | 0000 483b | 9800 0300 | 0075 0d48 | 8380 0803 
  0x000002068d8aec10: 0000 01e9 | 5000 0000 | 4881 b8f0 | 0200 0000 | 0000 0075 | 1748 8998 | f002 0000 | 48c7 80f8 
  0x000002068d8aec30: 0200 0001 | 0000 00e9 | 2c00 0000 | 4881 b800 | 0300 0000 | 0000 0075 | 1748 8998 | 0003 0000 
  0x000002068d8aec50: 48c7 8008 | 0300 0001 | 0000 00e9 | 0800 0000 | 4883 80e0 | 0200 0001 | 488b d748 | 897c 2450 
  0x000002068d8aec70: 0f1f 4400 | 0048 b8ff | ffff ffff 

  0x000002068d8aec7c: ;   {virtual_call}
  0x000002068d8aec7c: ffff ffe8 

  0x000002068d8aec80: ; ImmutableOopMap {[56]=Oop [64]=Oop [80]=Oop [72]=Oop }
                      ;*invokeinterface comparator {reexecute=0 rethrow=0 return_oop=0}
                      ; - java.util.TreeSet::addAll@51 (line 304)
  0x000002068d8aec80: fc29 8d06 | 488b 7424 | 4848 3b06 

  0x000002068d8aec8c: ;   {metadata(method data for {method} {0x00000206a9546f48} 'addAll' '(Ljava/util/Collection;)Z' in 'java/util/TreeSet')}
  0x000002068d8aec8c: 4c8b c648 | ba90 acf9 | ac06 0200 

  0x000002068d8aec98: ;   {metadata('java/util/TreeMap')}
  0x000002068d8aec98: 0049 ba28 | 3901 0008 | 0000 004c | 8992 2803 | 0000 4883 | 8230 0300 | 0001 448b | 461c 49c1 
  0x000002068d8aecb8: ;   {metadata(method data for {method} {0x00000206a9546f48} 'addAll' '(Ljava/util/Collection;)Z' in 'java/util/TreeSet')}
  0x000002068d8aecb8: e003 48ba | 90ac f9ac | 0602 0000 | 4883 8250 | 0300 0001 

  0x000002068d8aeccc: ;   {metadata(method data for {method} {0x00000206a914e130} 'equals' '(Ljava/lang/Object;Ljava/lang/Object;)Z' in 'java/util/Objects')}
  0x000002068d8aeccc: 48ba 20f8 | 29a9 0602 | 0000 8bba | cc00 0000 | 83c7 0289 | bacc 0000 | 0081 e7fe | ff1f 0083 
  0x000002068d8aecec: ff00 0f84 | a702 0000 

  0x000002068d8aecf4: ;   {metadata(method data for {method} {0x00000206a914e130} 'equals' '(Ljava/lang/Object;Ljava/lang/Object;)Z' in 'java/util/Objects')}
  0x000002068d8aecf4: 493b c048 | ba20 f829 | a906 0200 | 0048 bf10 | 0100 0000 | 0000 000f | 840a 0000 | 0048 bf20 
  0x000002068d8aed14: 0100 0000 | 0000 0048 | 8b1c 3a48 | 8d5b 0148 | 891c 3a0f | 8433 0100 | 0048 83f8 

  0x000002068d8aed30: ;   {metadata(method data for {method} {0x00000206a914e130} 'equals' '(Ljava/lang/Object;Ljava/lang/Object;)Z' in 'java/util/Objects')}
  0x000002068d8aed30: 0048 ba20 | f829 a906 | 0200 0048 | bf30 0100 | 0000 0000 | 000f 840a | 0000 0048 | bf40 0100 
  0x000002068d8aed50: 0000 0000 | 0048 8b1c | 3a48 8d5b | 0148 891c | 3a0f 84ee | 0000 0048 | 3b00 488b 

  0x000002068d8aed6c: ;   {metadata(method data for {method} {0x00000206a914e130} 'equals' '(Ljava/lang/Object;Ljava/lang/Object;)Z' in 'java/util/Objects')}
  0x000002068d8aed6c: d048 bf20 | f829 a906 | 0200 008b | 5208 49ba | 0000 0000 | 0800 0000 | 4903 d248 | 3b97 6001 
  0x000002068d8aed8c: 0000 750d | 4883 8768 | 0100 0001 | e966 0000 | 0048 3b97 | 7001 0000 | 750d 4883 | 8778 0100 
  0x000002068d8aedac: 0001 e950 | 0000 0048 | 81bf 6001 | 0000 0000 | 0000 7517 | 4889 9760 | 0100 0048 | c787 6801 
  0x000002068d8aedcc: 0000 0100 | 0000 e92c | 0000 0048 | 81bf 7001 | 0000 0000 | 0000 7517 | 4889 9770 | 0100 0048 
  0x000002068d8aedec: c787 7801 | 0000 0100 | 0000 e908 | 0000 0048 | 8387 5001 | 0000 0148 | 8bd0 0f1f | 8000 0000 
  0x000002068d8aee0c: 0048 b8ff | ffff ffff 

  0x000002068d8aee14: ;   {virtual_call}
  0x000002068d8aee14: ffff ffe8 

  0x000002068d8aee18: ; ImmutableOopMap {[56]=Oop [64]=Oop [80]=Oop [72]=Oop }
                      ;*invokevirtual equals {reexecute=0 rethrow=0 return_oop=0}
                      ; - java.util.Objects::equals@11 (line 64)
                      ; - java.util.TreeSet::addAll@60 (line 304)
  0x000002068d8aee18: 6428 8d06 

  0x000002068d8aee1c: ;   {metadata(method data for {method} {0x00000206a914e130} 'equals' '(Ljava/lang/Object;Ljava/lang/Object;)Z' in 'java/util/Objects')}
  0x000002068d8aee1c: 83f8 0049 | b820 f829 | a906 0200 | 0048 ba98 | 0100 0000 | 0000 000f | 850a 0000 | 0048 ba88 
  0x000002068d8aee3c: 0100 0000 | 0000 0049 | 8b34 1048 | 8d76 0149 | 8934 100f | 850b 0000 | 0041 b800 | 0000 00e9 
  0x000002068d8aee5c: 1700 0000 

  0x000002068d8aee60: ;   {metadata(method data for {method} {0x00000206a914e130} 'equals' '(Ljava/lang/Object;Ljava/lang/Object;)Z' in 'java/util/Objects')}
  0x000002068d8aee60: 49b8 20f8 | 29a9 0602 | 0000 41ff | 80a8 0100 | 0041 b801 | 0000 0041 | 83e0 0141 

  0x000002068d8aee7c: ;   {metadata(method data for {method} {0x00000206a9546f48} 'addAll' '(Ljava/util/Collection;)Z' in 'java/util/TreeSet')}
  0x000002068d8aee7c: 83f8 0049 | b890 acf9 | ac06 0200 | 0048 ba70 | 0300 0000 | 0000 000f | 850a 0000 | 0048 ba60 
  0x000002068d8aee9c: 0300 0000 | 0000 0049 | 8b34 1048 | 8d76 0149 | 8934 100f | 853d 0000 | 004c 8b44 | 2438 488b 
  0x000002068d8aeebc: 5424 4048 

  0x000002068d8aeec0: ;   {metadata(method data for {method} {0x00000206a9546f48} 'addAll' '(Ljava/util/Collection;)Z' in 'java/util/TreeSet')}
  0x000002068d8aeec0: 8bf2 48bf | 90ac f9ac | 0602 0000 | 4883 87b8 | 0300 0001 

  0x000002068d8aeed4: ;   {optimized virtual_call}
  0x000002068d8aeed4: 6666 90e8 

  0x000002068d8aeed8: ; ImmutableOopMap {}
                      ;*invokespecial addAll {reexecute=0 rethrow=0 return_oop=0}
                      ; - java.util.TreeSet::addAll@78 (line 309)
  0x000002068d8aeed8: 44f9 68ff | 83e0 0148 | 83c4 605d 

  0x000002068d8aeee4: ;   {poll_return}
  0x000002068d8aeee4: 493b a750 | 0300 000f | 87d0 0000 | 00c3 488b | 7c24 5048 | 8b74 2448 

  0x000002068d8aeefc: ;   {metadata(method data for {method} {0x00000206a9546f48} 'addAll' '(Ljava/util/Collection;)Z' in 'java/util/TreeSet')}
  0x000002068d8aeefc: 4c8b c649 | b990 acf9 | ac06 0200 

  0x000002068d8aef08: ;   {metadata('java/util/TreeMap')}
  0x000002068d8aef08: 0049 ba28 | 3901 0008 | 0000 004d | 8991 9003 | 0000 4983 | 8198 0300 | 0001 4c8b 

  0x000002068d8aef24: ;   {oop(a 'java/lang/Object'{0x000000070639f008})}
  0x000002068d8aef24: c749 b908 | f039 0607 | 0000 0048 | 8bd6 0f1f 

  0x000002068d8aef34: ;   {optimized virtual_call}
  0x000002068d8aef34: 4400 00e8 

  0x000002068d8aef38: ; ImmutableOopMap {}
                      ;*invokevirtual addAllForTreeSet {reexecute=0 rethrow=0 return_oop=0}
                      ; - java.util.TreeSet::addAll@71 (line 305)
  0x000002068d8aef38: 4424 8d06 | b801 0000 | 0048 83c4 

  0x000002068d8aef44: ;   {poll_return}
  0x000002068d8aef44: 605d 493b | a750 0300 | 000f 8784 | 0000 00c3 

  0x000002068d8aef54: ;   {metadata({method} {0x00000206a9546f48} 'addAll' '(Ljava/util/Collection;)Z' in 'java/util/TreeSet')}
  0x000002068d8aef54: 49ba 406f | 54a9 0602 | 0000 4c89 | 5424 0848 | c704 24ff 

  0x000002068d8aef68: ;   {runtime_call counter_overflow Runtime1 stub}
  0x000002068d8aef68: ffff ffe8 

  0x000002068d8aef6c: ; ImmutableOopMap {rdx=Oop [64]=Oop r8=Oop [56]=Oop }
                      ;*synchronization entry
                      ; - java.util.TreeSet::addAll@-1 (line 300)
  0x000002068d8aef6c: 1099 9706 | e9c9 f5ff 

  0x000002068d8aef74: ;   {runtime_call throw_null_pointer_exception Runtime1 stub}
  0x000002068d8aef74: ffe8 2648 

  0x000002068d8aef78: ; ImmutableOopMap {rdx=Oop [64]=Oop [56]=Oop rsi=Oop }
                      ;*invokeinterface size {reexecute=0 rethrow=0 return_oop=0}
                      ; - java.util.TreeSet::addAll@4 (line 300)
                      ;   {runtime_call throw_null_pointer_exception Runtime1 stub}
  0x000002068d8aef78: 9706 e821 

  0x000002068d8aef7c: ; ImmutableOopMap {[64]=Oop r8=Oop [56]=Oop }
                      ;*invokeinterface size {reexecute=0 rethrow=0 return_oop=0}
                      ; - java.util.TreeSet::addAll@13 (line 300)
  0x000002068d8aef7c: 4897 0648 

  0x000002068d8aef80: ;   {runtime_call throw_class_cast_exception Runtime1 stub}
  0x000002068d8aef80: 8934 24e8 

  0x000002068d8aef84: ; ImmutableOopMap {r8=Oop [56]=Oop [64]=Oop }
                      ;*checkcast {reexecute=0 rethrow=0 return_oop=0}
                      ; - java.util.TreeSet::addAll@41 (line 302)
  0x000002068d8aef84: 186c 9706 | 4c89 0424 

  0x000002068d8aef8c: ;   {runtime_call throw_class_cast_exception Runtime1 stub}
  0x000002068d8aef8c: e80f 6c97 

  0x000002068d8aef90: ; ImmutableOopMap {r8=Oop [56]=Oop [64]=Oop rsi=Oop [72]=Oop }
                      ;*checkcast {reexecute=0 rethrow=0 return_oop=0}
                      ; - java.util.TreeSet::addAll@46 (line 303)
                      ;   {runtime_call throw_null_pointer_exception Runtime1 stub}
  0x000002068d8aef90: 06e8 0a48 

  0x000002068d8aef94: ; ImmutableOopMap {r8=Oop [56]=Oop [64]=Oop rsi=Oop [72]=Oop rdi=Oop }
                      ;*invokeinterface comparator {reexecute=0 rethrow=0 return_oop=0}
                      ; - java.util.TreeSet::addAll@51 (line 304)
                      ;   {runtime_call throw_null_pointer_exception Runtime1 stub}
  0x000002068d8aef94: 9706 e805 

  0x000002068d8aef98: ; ImmutableOopMap {[56]=Oop [64]=Oop [80]=Oop rax=Oop rsi=Oop [72]=Oop }
                      ;*invokevirtual comparator {reexecute=0 rethrow=0 return_oop=0}
                      ; - java.util.TreeSet::addAll@57 (line 304)
                      ;   {metadata({method} {0x00000206a914e130} 'equals' '(Ljava/lang/Object;Ljava/lang/Object;)Z' in 'java/util/Objects')}
  0x000002068d8aef98: 4897 0649 | ba28 e114 | a906 0200 | 004c 8954 | 2408 48c7 | 0424 ffff 

  0x000002068d8aefb0: ;   {runtime_call counter_overflow Runtime1 stub}
  0x000002068d8aefb0: ffff e8c9 

  0x000002068d8aefb4: ; ImmutableOopMap {[56]=Oop [64]=Oop [80]=Oop rax=Oop rsi=Oop [72]=Oop r8=Oop }
                      ;*synchronization entry
                      ; - java.util.Objects::equals@-1 (line 64)
                      ; - java.util.TreeSet::addAll@60 (line 304)
  0x000002068d8aefb4: 9897 06e9 | 38fd ffff 

  0x000002068d8aefbc: ;   {runtime_call throw_null_pointer_exception Runtime1 stub}
  0x000002068d8aefbc: e8df 4797 

  0x000002068d8aefc0: ; ImmutableOopMap {[56]=Oop [64]=Oop [80]=Oop [72]=Oop r8=Oop rax=Oop }
                      ;*invokevirtual equals {reexecute=0 rethrow=0 return_oop=0}
                      ; - java.util.Objects::equals@11 (line 64)
                      ; - java.util.TreeSet::addAll@60 (line 304)
                      ;   {internal_word}
  0x000002068d8aefc0: 0649 bae4 | ee8a 8d06 | 0200 004d | 8997 6803 

  0x000002068d8aefd0: ;   {runtime_call SafepointBlob}
  0x000002068d8aefd0: 0000 e929 

  0x000002068d8aefd4: ;   {internal_word}
  0x000002068d8aefd4: 8a8d 0649 | ba46 ef8a | 8d06 0200 | 004d 8997 | 6803 0000 

  0x000002068d8aefe8: ;   {runtime_call SafepointBlob}
  0x000002068d8aefe8: e913 8a8d | 0690 9049 | 8b87 e003 | 0000 49c7 | 87e0 0300 | 0000 0000 | 0049 c787 | e803 0000 
  0x000002068d8af008: 0000 0000 | 4883 c460 

  0x000002068d8af010: ;   {runtime_call unwind_exception Runtime1 stub}
  0x000002068d8af010: 5de9 ea67 | 8e06 f4f4 | f4f4 f4f4 | f4f4 f4f4 
[Stub Code]
  0x000002068d8af020: ;   {no_reloc}
  0x000002068d8af020: 0f1f 4400 

  0x000002068d8af024: ;   {static_stub}
  0x000002068d8af024: 0048 bb00 | 0000 0000 

  0x000002068d8af02c: ;   {runtime_call}
  0x000002068d8af02c: 0000 00e9 | fbff ffff 

  0x000002068d8af034: ;   {static_stub}
  0x000002068d8af034: 9048 bb00 | 0000 0000 

  0x000002068d8af03c: ;   {runtime_call}
  0x000002068d8af03c: 0000 00e9 | fbff ffff 

  0x000002068d8af044: ;   {static_stub}
  0x000002068d8af044: 9048 bb00 | 0000 0000 

  0x000002068d8af04c: ;   {runtime_call}
  0x000002068d8af04c: 0000 00e9 | fbff ffff 

  0x000002068d8af054: ;   {static_stub}
  0x000002068d8af054: 9048 bb00 | 0000 0000 

  0x000002068d8af05c: ;   {runtime_call}
  0x000002068d8af05c: 0000 00e9 | fbff ffff 

  0x000002068d8af064: ;   {static_stub}
  0x000002068d8af064: 9048 bb00 | 0000 0000 

  0x000002068d8af06c: ;   {runtime_call}
  0x000002068d8af06c: 0000 00e9 | fbff ffff 

  0x000002068d8af074: ;   {static_stub}
  0x000002068d8af074: 9048 bb00 | 0000 0000 

  0x000002068d8af07c: ;   {runtime_call}
  0x000002068d8af07c: 0000 00e9 | fbff ffff 
[Exception Handler]
  0x000002068d8af084: ;   {runtime_call handle_exception_from_callee Runtime1 stub}
  0x000002068d8af084: e8f7 6497 

  0x000002068d8af088: ;   {external_word}
  0x000002068d8af088: 0648 b930 | 9ab0 edff | 7f00 0048 

  0x000002068d8af094: ;   {runtime_call}
  0x000002068d8af094: 83e4 f049 | ba40 2b79 | edff 7f00 | 0041 ffd2 

  0x000002068d8af0a4: ;   {section_word}
  0x000002068d8af0a4: f449 baa5 | f08a 8d06 | 0200 0041 

  0x000002068d8af0b0: ;   {runtime_call DeoptimizationBlob}
  0x000002068d8af0b0: 52e9 ea7b | 8d06 f4f4 
[/MachCode]


---------------  P R O C E S S  ---------------

Threads class SMR info:
_java_thread_list=0x00000206b2612440, length=30, elements={
0x00000206a8636020, 0x00000206a8636ea0, 0x00000206a8623340, 0x00000206a865b010,
0x00000206a865d8f0, 0x00000206a8661cd0, 0x00000206a866ade0, 0x00000206a866b890,
0x00000206a867f980, 0x00000206a87d3ea0, 0x00000206a87dc9c0, 0x00000206b0d79470,
0x00000206af6b6560, 0x00000206af6b3ce0, 0x00000206af6b6050, 0x00000206af6b41f0,
0x00000206b0d77b20, 0x00000206b0d7a3a0, 0x00000206b0d77610, 0x00000206b0d78030,
0x00000206b0d78a50, 0x00000206b0d78f60, 0x00000206b0d79980, 0x00000206af322040,
0x00000206af321b30, 0x00000206af326210, 0x00000206af323ea0, 0x00000206af321110,
0x00000206af3252e0, 0x00000206af323990
}

Java Threads: ( => current thread )
  0x00000206a8636020 JavaThread "Reference Handler" daemon [_thread_blocked, id=21568, stack(0x000000be1f500000,0x000000be1f600000)]
  0x00000206a8636ea0 JavaThread "Finalizer" daemon [_thread_blocked, id=13096, stack(0x000000be1f600000,0x000000be1f700000)]
  0x00000206a8623340 JavaThread "Signal Dispatcher" daemon [_thread_blocked, id=19992, stack(0x000000be1f700000,0x000000be1f800000)]
  0x00000206a865b010 JavaThread "Attach Listener" daemon [_thread_blocked, id=23768, stack(0x000000be1f800000,0x000000be1f900000)]
  0x00000206a865d8f0 JavaThread "Service Thread" daemon [_thread_blocked, id=5880, stack(0x000000be1f900000,0x000000be1fa00000)]
  0x00000206a8661cd0 JavaThread "Monitor Deflation Thread" daemon [_thread_blocked, id=16488, stack(0x000000be1fa00000,0x000000be1fb00000)]
  0x00000206a866ade0 JavaThread "C2 CompilerThread0" daemon [_thread_blocked, id=13192, stack(0x000000be1fb00000,0x000000be1fc00000)]
  0x00000206a866b890 JavaThread "C1 CompilerThread0" daemon [_thread_blocked, id=20116, stack(0x000000be1fc00000,0x000000be1fd00000)]
  0x00000206a867f980 JavaThread "Sweeper thread" daemon [_thread_blocked, id=1636, stack(0x000000be1fd00000,0x000000be1fe00000)]
  0x00000206a87d3ea0 JavaThread "Notification Thread" daemon [_thread_blocked, id=1520, stack(0x000000be1fe00000,0x000000be1ff00000)]
  0x00000206a87dc9c0 JavaThread "Common-Cleaner" daemon [_thread_blocked, id=9444, stack(0x000000be20000000,0x000000be20100000)]
  0x00000206b0d79470 JavaThread "mysql-cj-abandoned-connection-cleanup" daemon [_thread_blocked, id=16164, stack(0x000000be21000000,0x000000be21100000)]
  0x00000206af6b6560 JavaThread "DestroyJavaVM" [_thread_blocked, id=21408, stack(0x000000be1ee00000,0x000000be1ef00000)]
  0x00000206af6b3ce0 JavaThread "Catalina-utility-1" [_thread_blocked, id=21084, stack(0x000000be20900000,0x000000be20a00000)]
=>0x00000206af6b6050 JavaThread "Catalina-utility-2" [_thread_in_Java, id=12952, stack(0x000000be20d00000,0x000000be20e00000)]
  0x00000206af6b41f0 JavaThread "container-0" [_thread_blocked, id=20764, stack(0x000000be20e00000,0x000000be20f00000)]
  0x00000206b0d77b20 JavaThread "HikariPool-2 housekeeper" daemon [_thread_in_Java, id=26232, stack(0x000000be20f00000,0x000000be21000000)]
  0x00000206b0d7a3a0 JavaThread "File Watcher" daemon [_thread_blocked, id=11836, stack(0x000000be21200000,0x000000be21300000)]
  0x00000206b0d77610 JavaThread "http-nio-8082-exec-1" daemon [_thread_blocked, id=26184, stack(0x000000be21300000,0x000000be21400000)]
  0x00000206b0d78030 JavaThread "http-nio-8082-exec-2" daemon [_thread_blocked, id=12332, stack(0x000000be21400000,0x000000be21500000)]
  0x00000206b0d78a50 JavaThread "http-nio-8082-exec-3" daemon [_thread_blocked, id=10968, stack(0x000000be21500000,0x000000be21600000)]
  0x00000206b0d78f60 JavaThread "http-nio-8082-exec-4" daemon [_thread_blocked, id=19008, stack(0x000000be21600000,0x000000be21700000)]
  0x00000206b0d79980 JavaThread "http-nio-8082-exec-5" daemon [_thread_blocked, id=14256, stack(0x000000be21700000,0x000000be21800000)]
  0x00000206af322040 JavaThread "http-nio-8082-exec-6" daemon [_thread_blocked, id=10884, stack(0x000000be21800000,0x000000be21900000)]
  0x00000206af321b30 JavaThread "http-nio-8082-exec-7" daemon [_thread_blocked, id=12888, stack(0x000000be21900000,0x000000be21a00000)]
  0x00000206af326210 JavaThread "http-nio-8082-exec-8" daemon [_thread_blocked, id=18360, stack(0x000000be21a00000,0x000000be21b00000)]
  0x00000206af323ea0 JavaThread "http-nio-8082-exec-9" daemon [_thread_blocked, id=23484, stack(0x000000be21b00000,0x000000be21c00000)]
  0x00000206af321110 JavaThread "http-nio-8082-exec-10" daemon [_thread_blocked, id=4088, stack(0x000000be21c00000,0x000000be21d00000)]
  0x00000206af3252e0 JavaThread "http-nio-8082-Poller" daemon [_thread_in_native, id=25812, stack(0x000000be21d00000,0x000000be21e00000)]
  0x00000206af323990 JavaThread "http-nio-8082-Acceptor" daemon [_thread_in_native, id=13540, stack(0x000000be21e00000,0x000000be21f00000)]

Other Threads:
  0x00000206a8612c70 VMThread "VM Thread" [stack: 0x000000be1f400000,0x000000be1f500000] [id=24988]
  0x00000206a874b910 WatcherThread [stack: 0x000000be1ff00000,0x000000be20000000] [id=20436]
  0x0000020689502b40 GCTaskThread "GC Thread#0" [stack: 0x000000be1ef00000,0x000000be1f000000] [id=14952]
  0x00000206ad1c35a0 GCTaskThread "GC Thread#1" [stack: 0x000000be20400000,0x000000be20500000] [id=23928]
  0x00000206adaf1920 GCTaskThread "GC Thread#2" [stack: 0x000000be20500000,0x000000be20600000] [id=19140]
  0x00000206adae51c0 GCTaskThread "GC Thread#3" [stack: 0x000000be20600000,0x000000be20700000] [id=20280]
  0x00000206adafda10 GCTaskThread "GC Thread#4" [stack: 0x000000be20700000,0x000000be20800000] [id=23776]
  0x00000206adb10260 GCTaskThread "GC Thread#5" [stack: 0x000000be20800000,0x000000be20900000] [id=2484]
  0x00000206adcfb730 GCTaskThread "GC Thread#6" [stack: 0x000000be20a00000,0x000000be20b00000] [id=7340]
  0x00000206adc510f0 GCTaskThread "GC Thread#7" [stack: 0x000000be20b00000,0x000000be20c00000] [id=160]
  0x00000206a5ae7d80 ConcurrentGCThread "G1 Main Marker" [stack: 0x000000be1f000000,0x000000be1f100000] [id=2904]
  0x000002068950b760 ConcurrentGCThread "G1 Conc#0" [stack: 0x000000be1f100000,0x000000be1f200000] [id=21068]
  0x00000206ade9f8a0 ConcurrentGCThread "G1 Conc#1" [stack: 0x000000be20c00000,0x000000be20d00000] [id=21764]
  0x00000206a5be5200 ConcurrentGCThread "G1 Refine#0" [stack: 0x000000be1f200000,0x000000be1f300000] [id=19040]
  0x00000206ae4f4f60 ConcurrentGCThread "G1 Refine#1" [stack: 0x000000be1eb00000,0x000000be1ec00000] [id=24632]
  0x00000206a5be5c30 ConcurrentGCThread "G1 Service" [stack: 0x000000be1f300000,0x000000be1f400000] [id=22856]

Threads with active compile tasks:

VM state: not at safepoint (normal execution)

VM Mutex/Monitor currently owned by a thread: None

Heap address: 0x0000000706200000, size: 3998 MB, Compressed Oops mode: Zero based, Oop shift amount: 3

CDS archive(s) not mapped
Compressed class space mapped at: 0x0000000800000000-0x0000000840000000, reserved size: 1073741824
Narrow klass base: 0x0000000800000000, Narrow klass shift: 0, Narrow klass range: 0x40000000

GC Precious Log:
 CPUs: 8 total, 8 available
 Memory: 15984M
 Large Page Support: Disabled
 NUMA Support: Disabled
 Compressed Oops: Enabled (Zero based)
 Heap Region Size: 2M
 Heap Min Capacity: 8M
 Heap Initial Capacity: 250M
 Heap Max Capacity: 3998M
 Pre-touch: Disabled
 Parallel Workers: 8
 Concurrent Workers: 2
 Concurrent Refinement Workers: 8
 Periodic GC: Disabled

Heap:
 garbage-first heap   total 90112K, used 41889K [0x0000000706200000, 0x0000000800000000)
  region size 2048K, 9 young (18432K), 2 survivors (4096K)
 Metaspace       used 80424K, committed 81024K, reserved 1179648K
  class space    used 10389K, committed 10688K, reserved 1048576K

Heap Regions: E=young(eden), S=young(survivor), O=old, HS=humongous(starts), HC=humongous(continues), CS=collection set, F=free, OA=open archive, CA=closed archive, TAMS=top-at-mark-start (previous, next)
|   0|0x0000000706200000, 0x0000000706400000, 0x0000000706400000|100%| O|  |TAMS 0x0000000706400000, 0x0000000706200000| Untracked 
|   1|0x0000000706400000, 0x0000000706600000, 0x0000000706600000|100%| O|  |TAMS 0x0000000706600000, 0x0000000706400000| Untracked 
|   2|0x0000000706600000, 0x00000007067ffff8, 0x0000000706800000| 99%| O|  |TAMS 0x0000000706600000, 0x0000000706600000| Untracked 
|   3|0x0000000706800000, 0x00000007069fffb8, 0x0000000706a00000| 99%| O|  |TAMS 0x0000000706800000, 0x0000000706800000| Untracked 
|   4|0x0000000706a00000, 0x0000000706bffff0, 0x0000000706c00000| 99%| O|  |TAMS 0x0000000706a00000, 0x0000000706a00000| Untracked 
|   5|0x0000000706c00000, 0x0000000706dffff8, 0x0000000706e00000| 99%| O|  |TAMS 0x0000000706c00000, 0x0000000706c00000| Untracked 
|   6|0x0000000706e00000, 0x0000000706f92f98, 0x0000000707000000| 78%| O|  |TAMS 0x0000000706e00000, 0x0000000706e00000| Untracked 
|   7|0x0000000707000000, 0x00000007071fffa0, 0x0000000707200000| 99%| O|  |TAMS 0x0000000707000000, 0x0000000707000000| Untracked 
|   8|0x0000000707200000, 0x00000007073fffd8, 0x0000000707400000| 99%| O|  |TAMS 0x0000000707200000, 0x0000000707200000| Untracked 
|   9|0x0000000707400000, 0x0000000707600000, 0x0000000707600000|100%| O|  |TAMS 0x0000000707400000, 0x0000000707400000| Untracked 
|  10|0x0000000707600000, 0x00000007076fb460, 0x0000000707800000| 49%| O|  |TAMS 0x0000000707600000, 0x0000000707600000| Untracked 
|  11|0x0000000707800000, 0x00000007079db290, 0x0000000707a00000| 92%| O|  |TAMS 0x0000000707800000, 0x0000000707800000| Untracked 
|  12|0x0000000707a00000, 0x0000000707be7e20, 0x0000000707c00000| 95%| O|  |TAMS 0x0000000707a00000, 0x0000000707a00000| Untracked 
|  13|0x0000000707c00000, 0x0000000707cc9c00, 0x0000000707e00000| 39%| O|  |TAMS 0x0000000707c00000, 0x0000000707c00000| Untracked 
|  14|0x0000000707e00000, 0x0000000707e00000, 0x0000000708000000|  0%| F|  |TAMS 0x0000000707e00000, 0x0000000707e00000| Untracked 
|  15|0x0000000708000000, 0x0000000708000000, 0x0000000708200000|  0%| F|  |TAMS 0x0000000708000000, 0x0000000708000000| Untracked 
|  16|0x0000000708200000, 0x0000000708200000, 0x0000000708400000|  0%| F|  |TAMS 0x0000000708200000, 0x0000000708200000| Untracked 
|  17|0x0000000708400000, 0x0000000708400000, 0x0000000708600000|  0%| F|  |TAMS 0x0000000708400000, 0x0000000708400000| Untracked 
|  18|0x0000000708600000, 0x0000000708600000, 0x0000000708800000|  0%| F|  |TAMS 0x0000000708600000, 0x0000000708600000| Untracked 
|  19|0x0000000708800000, 0x0000000708800000, 0x0000000708a00000|  0%| F|  |TAMS 0x0000000708800000, 0x0000000708800000| Untracked 
|  20|0x0000000708a00000, 0x0000000708a00000, 0x0000000708c00000|  0%| F|  |TAMS 0x0000000708a00000, 0x0000000708a00000| Untracked 
|  21|0x0000000708c00000, 0x0000000708c00000, 0x0000000708e00000|  0%| F|  |TAMS 0x0000000708c00000, 0x0000000708c00000| Untracked 
|  22|0x0000000708e00000, 0x0000000708e00000, 0x0000000709000000|  0%| F|  |TAMS 0x0000000708e00000, 0x0000000708e00000| Untracked 
|  23|0x0000000709000000, 0x000000070907d428, 0x0000000709200000| 24%| S|CS|TAMS 0x0000000709000000, 0x0000000709000000| Complete 
|  24|0x0000000709200000, 0x0000000709400000, 0x0000000709400000|100%| S|CS|TAMS 0x0000000709200000, 0x0000000709200000| Complete 
|  25|0x0000000709400000, 0x0000000709400000, 0x0000000709600000|  0%| F|  |TAMS 0x0000000709400000, 0x0000000709400000| Untracked 
|  26|0x0000000709600000, 0x0000000709600000, 0x0000000709800000|  0%| F|  |TAMS 0x0000000709600000, 0x0000000709600000| Untracked 
|  27|0x0000000709800000, 0x0000000709800000, 0x0000000709a00000|  0%| F|  |TAMS 0x0000000709800000, 0x0000000709800000| Untracked 
|  28|0x0000000709a00000, 0x0000000709a00000, 0x0000000709c00000|  0%| F|  |TAMS 0x0000000709a00000, 0x0000000709a00000| Untracked 
|  29|0x0000000709c00000, 0x0000000709d501e0, 0x0000000709e00000| 65%| O|  |TAMS 0x0000000709c00000, 0x0000000709c00000| Untracked 
|  30|0x0000000709e00000, 0x0000000709e00000, 0x000000070a000000|  0%| F|  |TAMS 0x0000000709e00000, 0x0000000709e00000| Untracked 
|  31|0x000000070a000000, 0x000000070a000000, 0x000000070a200000|  0%| F|  |TAMS 0x000000070a000000, 0x000000070a000000| Untracked 
|  32|0x000000070a200000, 0x000000070a200000, 0x000000070a400000|  0%| F|  |TAMS 0x000000070a200000, 0x000000070a200000| Untracked 
|  33|0x000000070a400000, 0x000000070a400000, 0x000000070a600000|  0%| F|  |TAMS 0x000000070a400000, 0x000000070a400000| Untracked 
|  34|0x000000070a600000, 0x000000070a600000, 0x000000070a800000|  0%| F|  |TAMS 0x000000070a600000, 0x000000070a600000| Untracked 
|  35|0x000000070a800000, 0x000000070a800000, 0x000000070aa00000|  0%| F|  |TAMS 0x000000070a800000, 0x000000070a800000| Untracked 
|  36|0x000000070aa00000, 0x000000070aa00000, 0x000000070ac00000|  0%| F|  |TAMS 0x000000070aa00000, 0x000000070aa00000| Untracked 
|  37|0x000000070ac00000, 0x000000070ad6fc28, 0x000000070ae00000| 71%| E|  |TAMS 0x000000070ac00000, 0x000000070ac00000| Complete 
|  38|0x000000070ae00000, 0x000000070b000000, 0x000000070b000000|100%| E|CS|TAMS 0x000000070ae00000, 0x000000070ae00000| Complete 
|  39|0x000000070b000000, 0x000000070b200000, 0x000000070b200000|100%| E|CS|TAMS 0x000000070b000000, 0x000000070b000000| Complete 
|  40|0x000000070b200000, 0x000000070b400000, 0x000000070b400000|100%| E|CS|TAMS 0x000000070b200000, 0x000000070b200000| Complete 
|  41|0x000000070b400000, 0x000000070b600000, 0x000000070b600000|100%| E|CS|TAMS 0x000000070b400000, 0x000000070b400000| Complete 
|  42|0x000000070b600000, 0x000000070b800000, 0x000000070b800000|100%| E|CS|TAMS 0x000000070b600000, 0x000000070b600000| Complete 
|  43|0x000000070b800000, 0x000000070ba00000, 0x000000070ba00000|100%| E|CS|TAMS 0x000000070b800000, 0x000000070b800000| Complete 

Card table byte_map: [0x000002069ce40000,0x000002069d610000] _byte_map_base: 0x000002069960f000

Marking Bits (Prev, Next): (CMBitMap*) 0x00000206895031a0, (CMBitMap*) 0x0000020689503160
 Prev Bits: [0x00000206a1c60000, 0x00000206a5ad8000)
 Next Bits: [0x000002069dde0000, 0x00000206a1c58000)

Polling page: 0x0000020689320000

Metaspace:

Usage:
  Non-class:     68.39 MB used.
      Class:     10.15 MB used.
       Both:     78.54 MB used.

Virtual space:
  Non-class space:      128.00 MB reserved,      68.69 MB ( 54%) committed,  2 nodes.
      Class space:        1.00 GB reserved,      10.44 MB (  1%) committed,  1 nodes.
             Both:        1.12 GB reserved,      79.12 MB (  7%) committed. 

Chunk freelists:
   Non-Class:  11.03 MB
       Class:  5.60 MB
        Both:  16.63 MB

MaxMetaspaceSize: unlimited
CompressedClassSpaceSize: 1.00 GB
Initial GC threshold: 21.00 MB
Current GC threshold: 129.81 MB
CDS: off
MetaspaceReclaimPolicy: balanced
 - commit_granule_bytes: 65536.
 - commit_granule_words: 8192.
 - virtual_space_node_default_size: 8388608.
 - enlarge_chunks_in_place: 1.
 - new_chunks_are_fully_committed: 0.
 - uncommit_free_chunks: 1.
 - use_allocation_guard: 0.
 - handle_deallocations: 1.


Internal statistics:

num_allocs_failed_limit: 6.
num_arena_births: 818.
num_arena_deaths: 0.
num_vsnodes_births: 3.
num_vsnodes_deaths: 0.
num_space_committed: 1266.
num_space_uncommitted: 0.
num_chunks_returned_to_freelist: 6.
num_chunks_taken_from_freelist: 3362.
num_chunk_merges: 6.
num_chunk_splits: 2397.
num_chunks_enlarged: 1857.
num_inconsistent_stats: 0.

CodeHeap 'non-profiled nmethods': size=120000Kb used=5202Kb max_used=5202Kb free=114797Kb
 bounds [0x00000206946d0000, 0x0000020694bf0000, 0x000002069bc00000]
CodeHeap 'profiled nmethods': size=120000Kb used=13509Kb max_used=13509Kb free=106490Kb
 bounds [0x000002068cc00000, 0x000002068d940000, 0x0000020694130000]
CodeHeap 'non-nmethods': size=5760Kb used=1366Kb max_used=1530Kb free=4393Kb
 bounds [0x0000020694130000, 0x00000206943a0000, 0x00000206946d0000]
 total_blobs=7213 nmethods=6513 adapters=611
 compilation: enabled
              stopped_count=0, restarted_count=0
 full_count=0

Compilation events (20 events):
Event: 4148.508 Thread 0x00000206a866ade0 7315       4       java.util.concurrent.ThreadPoolExecutor$Worker::tryAcquire (20 bytes)
Event: 4148.512 Thread 0x00000206a866ade0 nmethod 7315 0x0000020694bd9110 code [0x0000020694bd9280, 0x0000020694bd9418]
Event: 4149.622 Thread 0x00000206a866ade0 7316       4       java.util.concurrent.ThreadPoolExecutor$Worker::lock (6 bytes)
Event: 4149.627 Thread 0x00000206a866ade0 nmethod 7316 0x0000020694bd9490 code [0x0000020694bd9620, 0x0000020694bd97c8]
Event: 4151.618 Thread 0x00000206a866ade0 7317   !   4       java.util.concurrent.ThreadPoolExecutor::getTask (177 bytes)
Event: 4151.714 Thread 0x00000206a866ade0 nmethod 7317 0x0000020694bd9890 code [0x0000020694bd9c60, 0x0000020694bdcea0]
Event: 4159.616 Thread 0x00000206a866ade0 7318       4       java.util.concurrent.ScheduledThreadPoolExecutor$DelayedWorkQueue::siftUp (64 bytes)
Event: 4159.636 Thread 0x00000206a866ade0 nmethod 7318 0x0000020694bded90 code [0x0000020694bdef40, 0x0000020694bdf478]
Event: 4165.967 Thread 0x00000206a866ade0 7319       4       java.util.concurrent.ScheduledThreadPoolExecutor$DelayedWorkQueue::add (9 bytes)
Event: 4166.053 Thread 0x00000206a866ade0 nmethod 7319 0x0000020694bdf790 code [0x0000020694bdf9a0, 0x0000020694be0e90]
Event: 4190.614 Thread 0x00000206a866ade0 7320       4       java.util.concurrent.ScheduledThreadPoolExecutor$ScheduledFutureTask::run (57 bytes)
Event: 4190.636 Thread 0x00000206a866ade0 nmethod 7320 0x0000020694be1890 code [0x0000020694be1a80, 0x0000020694be2090]
Event: 13558.462 Thread 0x00000206a866ade0 7321       4       org.apache.coyote.AbstractProtocol$$Lambda$1428/0x000000080096c410::run (8 bytes)
Event: 13558.476 Thread 0x00000206a866ade0 nmethod 7321 0x0000020694be2690 code [0x0000020694be2820, 0x0000020694be2bd8]
Event: 13558.476 Thread 0x00000206a866ade0 7322       4       org.apache.coyote.AbstractProtocol::lambda$startAsyncTimeout$1 (46 bytes)
Event: 13558.489 Thread 0x00000206a866ade0 nmethod 7322 0x0000020694be3010 code [0x0000020694be31a0, 0x0000020694be3538]
Event: 13558.499 Thread 0x00000206a866ade0 7323       4       org.apache.coyote.AbstractProtocol$$Lambda$1428/0x000000080096c410::run (8 bytes)
Event: 13558.512 Thread 0x00000206a866ade0 nmethod 7323 0x0000020694be3910 code [0x0000020694be3aa0, 0x0000020694be3dd8]
Event: 13558.512 Thread 0x00000206a866ade0 7324       4       org.apache.coyote.AbstractProtocol::lambda$startAsyncTimeout$1 (46 bytes)
Event: 13558.525 Thread 0x00000206a866ade0 nmethod 7324 0x0000020694be4190 code [0x0000020694be4320, 0x0000020694be4618]

GC Heap History (20 events):
Event: 6.259 GC heap before
{Heap before GC invocations=16 (full 0):
 garbage-first heap   total 40960K, used 28887K [0x0000000706200000, 0x0000000800000000)
  region size 2048K, 6 young (12288K), 1 survivors (2048K)
 Metaspace       used 56182K, committed 56640K, reserved 1114112K
  class space    used 6955K, committed 7168K, reserved 1048576K
}
Event: 6.262 GC heap after
{Heap after GC invocations=17 (full 0):
 garbage-first heap   total 40960K, used 21397K [0x0000000706200000, 0x0000000800000000)
  region size 2048K, 1 young (2048K), 1 survivors (2048K)
 Metaspace       used 56182K, committed 56640K, reserved 1114112K
  class space    used 6955K, committed 7168K, reserved 1048576K
}
Event: 6.490 GC heap before
{Heap before GC invocations=18 (full 0):
 garbage-first heap   total 40960K, used 31637K [0x0000000706200000, 0x0000000800000000)
  region size 2048K, 6 young (12288K), 1 survivors (2048K)
 Metaspace       used 59023K, committed 59520K, reserved 1114112K
  class space    used 7277K, committed 7488K, reserved 1048576K
}
Event: 6.492 GC heap after
{Heap after GC invocations=19 (full 0):
 garbage-first heap   total 40960K, used 22029K [0x0000000706200000, 0x0000000800000000)
  region size 2048K, 1 young (2048K), 1 survivors (2048K)
 Metaspace       used 59023K, committed 59520K, reserved 1114112K
  class space    used 7277K, committed 7488K, reserved 1048576K
}
Event: 6.555 GC heap before
{Heap before GC invocations=19 (full 0):
 garbage-first heap   total 40960K, used 24077K [0x0000000706200000, 0x0000000800000000)
  region size 2048K, 2 young (4096K), 1 survivors (2048K)
 Metaspace       used 59911K, committed 60416K, reserved 1114112K
  class space    used 7545K, committed 7744K, reserved 1048576K
}
Event: 6.558 GC heap after
{Heap after GC invocations=20 (full 0):
 garbage-first heap   total 40960K, used 21735K [0x0000000706200000, 0x0000000800000000)
  region size 2048K, 1 young (2048K), 1 survivors (2048K)
 Metaspace       used 59911K, committed 60416K, reserved 1114112K
  class space    used 7545K, committed 7744K, reserved 1048576K
}
Event: 6.822 GC heap before
{Heap before GC invocations=20 (full 0):
 garbage-first heap   total 40960K, used 29927K [0x0000000706200000, 0x0000000800000000)
  region size 2048K, 5 young (10240K), 1 survivors (2048K)
 Metaspace       used 62323K, committed 62784K, reserved 1114112K
  class space    used 7929K, committed 8128K, reserved 1048576K
}
Event: 6.824 GC heap after
{Heap after GC invocations=21 (full 0):
 garbage-first heap   total 40960K, used 22049K [0x0000000706200000, 0x0000000800000000)
  region size 2048K, 1 young (2048K), 1 survivors (2048K)
 Metaspace       used 62323K, committed 62784K, reserved 1114112K
  class space    used 7929K, committed 8128K, reserved 1048576K
}
Event: 7.029 GC heap before
{Heap before GC invocations=22 (full 0):
 garbage-first heap   total 45056K, used 30241K [0x0000000706200000, 0x0000000800000000)
  region size 2048K, 5 young (10240K), 1 survivors (2048K)
 Metaspace       used 64391K, committed 64896K, reserved 1114112K
  class space    used 8277K, committed 8512K, reserved 1048576K
}
Event: 7.031 GC heap after
{Heap after GC invocations=23 (full 0):
 garbage-first heap   total 151552K, used 22292K [0x0000000706200000, 0x0000000800000000)
  region size 2048K, 1 young (2048K), 1 survivors (2048K)
 Metaspace       used 64391K, committed 64896K, reserved 1114112K
  class space    used 8277K, committed 8512K, reserved 1048576K
}
Event: 759.438 GC heap before
{Heap before GC invocations=23 (full 0):
 garbage-first heap   total 151552K, used 110356K [0x0000000706200000, 0x0000000800000000)
  region size 2048K, 44 young (90112K), 1 survivors (2048K)
 Metaspace       used 76889K, committed 77440K, reserved 1179648K
  class space    used 9966K, committed 10240K, reserved 1048576K
}
Event: 759.448 GC heap after
{Heap after GC invocations=24 (full 0):
 garbage-first heap   total 151552K, used 27793K [0x0000000706200000, 0x0000000800000000)
  region size 2048K, 4 young (8192K), 4 survivors (8192K)
 Metaspace       used 76889K, committed 77440K, reserved 1179648K
  class space    used 9966K, committed 10240K, reserved 1048576K
}
Event: 1015.218 GC heap before
{Heap before GC invocations=24 (full 0):
 garbage-first heap   total 151552K, used 46225K [0x0000000706200000, 0x0000000800000000)
  region size 2048K, 14 young (28672K), 4 survivors (8192K)
 Metaspace       used 79188K, committed 79744K, reserved 1179648K
  class space    used 10310K, committed 10560K, reserved 1048576K
}
Event: 1015.263 GC heap after
{Heap after GC invocations=25 (full 1):
 garbage-first heap   total 90112K, used 24197K [0x0000000706200000, 0x0000000800000000)
  region size 2048K, 0 young (0K), 0 survivors (0K)
 Metaspace       used 79188K, committed 79744K, reserved 1179648K
  class space    used 10310K, committed 10560K, reserved 1048576K
}
Event: 1016.272 GC heap before
{Heap before GC invocations=25 (full 1):
 garbage-first heap   total 90112K, used 67205K [0x0000000706200000, 0x0000000800000000)
  region size 2048K, 22 young (45056K), 0 survivors (0K)
 Metaspace       used 79694K, committed 80256K, reserved 1179648K
  class space    used 10339K, committed 10624K, reserved 1048576K
}
Event: 1016.277 GC heap after
{Heap after GC invocations=26 (full 1):
 garbage-first heap   total 90112K, used 28039K [0x0000000706200000, 0x0000000800000000)
  region size 2048K, 2 young (4096K), 2 survivors (4096K)
 Metaspace       used 79694K, committed 80256K, reserved 1179648K
  class space    used 10339K, committed 10624K, reserved 1048576K
}
Event: 2055.095 GC heap before
{Heap before GC invocations=26 (full 1):
 garbage-first heap   total 90112K, used 68999K [0x0000000706200000, 0x0000000800000000)
  region size 2048K, 22 young (45056K), 2 survivors (4096K)
 Metaspace       used 80299K, committed 80896K, reserved 1179648K
  class space    used 10389K, committed 10688K, reserved 1048576K
}
Event: 2055.099 GC heap after
{Heap after GC invocations=27 (full 1):
 garbage-first heap   total 90112K, used 29582K [0x0000000706200000, 0x0000000800000000)
  region size 2048K, 2 young (4096K), 2 survivors (4096K)
 Metaspace       used 80299K, committed 80896K, reserved 1179648K
  class space    used 10389K, committed 10688K, reserved 1048576K
}
Event: 3678.369 GC heap before
{Heap before GC invocations=27 (full 1):
 garbage-first heap   total 90112K, used 66446K [0x0000000706200000, 0x0000000800000000)
  region size 2048K, 20 young (40960K), 2 survivors (4096K)
 Metaspace       used 80420K, committed 81024K, reserved 1179648K
  class space    used 10389K, committed 10688K, reserved 1048576K
}
Event: 3678.372 GC heap after
{Heap after GC invocations=28 (full 1):
 garbage-first heap   total 90112K, used 29601K [0x0000000706200000, 0x0000000800000000)
  region size 2048K, 2 young (4096K), 2 survivors (4096K)
 Metaspace       used 80420K, committed 81024K, reserved 1179648K
  class space    used 10389K, committed 10688K, reserved 1048576K
}

Dll operation events (10 events):
Event: 0.038 Loaded shared library C:\Users\1066924\.p2\pool\plugins\org.eclipse.justj.openjdk.hotspot.jre.full.win32.x86_64_17.0.11.v20240426-1830\jre\bin\java.dll
Event: 0.287 Loaded shared library C:\Users\1066924\.p2\pool\plugins\org.eclipse.justj.openjdk.hotspot.jre.full.win32.x86_64_17.0.11.v20240426-1830\jre\bin\net.dll
Event: 0.293 Loaded shared library C:\Users\1066924\.p2\pool\plugins\org.eclipse.justj.openjdk.hotspot.jre.full.win32.x86_64_17.0.11.v20240426-1830\jre\bin\nio.dll
Event: 0.302 Loaded shared library C:\Users\1066924\.p2\pool\plugins\org.eclipse.justj.openjdk.hotspot.jre.full.win32.x86_64_17.0.11.v20240426-1830\jre\bin\zip.dll
Event: 0.468 Loaded shared library C:\Users\1066924\.p2\pool\plugins\org.eclipse.justj.openjdk.hotspot.jre.full.win32.x86_64_17.0.11.v20240426-1830\jre\bin\jimage.dll
Event: 0.781 Loaded shared library C:\Users\1066924\.p2\pool\plugins\org.eclipse.justj.openjdk.hotspot.jre.full.win32.x86_64_17.0.11.v20240426-1830\jre\bin\management.dll
Event: 0.785 Loaded shared library C:\Users\1066924\.p2\pool\plugins\org.eclipse.justj.openjdk.hotspot.jre.full.win32.x86_64_17.0.11.v20240426-1830\jre\bin\management_ext.dll
Event: 1.818 Loaded shared library C:\Users\1066924\.p2\pool\plugins\org.eclipse.justj.openjdk.hotspot.jre.full.win32.x86_64_17.0.11.v20240426-1830\jre\bin\sunmscapi.dll
Event: 4.972 Loaded shared library C:\Users\1066924\.p2\pool\plugins\org.eclipse.justj.openjdk.hotspot.jre.full.win32.x86_64_17.0.11.v20240426-1830\jre\bin\verify.dll
Event: 5.484 Loaded shared library C:\Users\1066924\.p2\pool\plugins\org.eclipse.justj.openjdk.hotspot.jre.full.win32.x86_64_17.0.11.v20240426-1830\jre\bin\extnet.dll

Deoptimization events (20 events):
Event: 13558.498 Thread 0x00000206af6b6050 Uncommon trap: trap_request=0xffffffbe fr.pc=0x0000020694be2b98 relative=0x0000000000000378
Event: 13558.498 Thread 0x00000206af6b6050 Uncommon trap: reason=profile_predicate action=maybe_recompile pc=0x0000020694be2b98 method=java.util.concurrent.ConcurrentHashMap$Traverser.advance()Ljava/util/concurrent/ConcurrentHashMap$Node; @ 15 c2
Event: 13558.498 Thread 0x00000206af6b6050 DEOPT PACKING pc=0x0000020694be2b98 sp=0x000000be20dff010
Event: 13558.498 Thread 0x00000206af6b6050 DEOPT UNPACKING pc=0x00000206941869a3 sp=0x000000be20dfed68 mode 2
Event: 13558.498 Thread 0x00000206af6b6050 Uncommon trap: trap_request=0xffffffbe fr.pc=0x0000020694be2b98 relative=0x0000000000000378
Event: 13558.498 Thread 0x00000206af6b6050 Uncommon trap: reason=profile_predicate action=maybe_recompile pc=0x0000020694be2b98 method=java.util.concurrent.ConcurrentHashMap$Traverser.advance()Ljava/util/concurrent/ConcurrentHashMap$Node; @ 15 c2
Event: 13558.498 Thread 0x00000206af6b6050 DEOPT PACKING pc=0x0000020694be2b98 sp=0x000000be20dff010
Event: 13558.498 Thread 0x00000206af6b6050 DEOPT UNPACKING pc=0x00000206941869a3 sp=0x000000be20dfed68 mode 2
Event: 13558.498 Thread 0x00000206af6b6050 Uncommon trap: trap_request=0xffffffbe fr.pc=0x0000020694be2b98 relative=0x0000000000000378
Event: 13558.498 Thread 0x00000206af6b6050 Uncommon trap: reason=profile_predicate action=maybe_recompile pc=0x0000020694be2b98 method=java.util.concurrent.ConcurrentHashMap$Traverser.advance()Ljava/util/concurrent/ConcurrentHashMap$Node; @ 15 c2
Event: 13558.498 Thread 0x00000206af6b6050 DEOPT PACKING pc=0x0000020694be2b98 sp=0x000000be20dff010
Event: 13558.498 Thread 0x00000206af6b6050 DEOPT UNPACKING pc=0x00000206941869a3 sp=0x000000be20dfed68 mode 2
Event: 13558.498 Thread 0x00000206af6b6050 Uncommon trap: trap_request=0xffffffbe fr.pc=0x0000020694be2b98 relative=0x0000000000000378
Event: 13558.498 Thread 0x00000206af6b6050 Uncommon trap: reason=profile_predicate action=maybe_recompile pc=0x0000020694be2b98 method=java.util.concurrent.ConcurrentHashMap$Traverser.advance()Ljava/util/concurrent/ConcurrentHashMap$Node; @ 15 c2
Event: 13558.498 Thread 0x00000206af6b6050 DEOPT PACKING pc=0x0000020694be2b98 sp=0x000000be20dff010
Event: 13558.499 Thread 0x00000206af6b6050 DEOPT UNPACKING pc=0x00000206941869a3 sp=0x000000be20dfed68 mode 2
Event: 13558.499 Thread 0x00000206af6b6050 Uncommon trap: trap_request=0xffffffbe fr.pc=0x0000020694be34f8 relative=0x0000000000000358
Event: 13558.499 Thread 0x00000206af6b6050 Uncommon trap: reason=profile_predicate action=maybe_recompile pc=0x0000020694be34f8 method=java.util.concurrent.ConcurrentHashMap$Traverser.advance()Ljava/util/concurrent/ConcurrentHashMap$Node; @ 15 c2
Event: 13558.499 Thread 0x00000206af6b6050 DEOPT PACKING pc=0x0000020694be34f8 sp=0x000000be20dfefa0
Event: 13558.499 Thread 0x00000206af6b6050 DEOPT UNPACKING pc=0x00000206941869a3 sp=0x000000be20dfed60 mode 2

Classes unloaded (0 events):
No events

Classes redefined (0 events):
No events

Internal exceptions (20 events):
Event: 1684.118 Thread 0x00000206af326210 Implicit null exception at 0x0000020694a8b670 to 0x0000020694a8c104
Event: 1684.118 Thread 0x00000206af326210 Implicit null exception at 0x0000020694a2af8b to 0x0000020694a34ee0
Event: 2323.414 Thread 0x00000206af321110 Implicit null exception at 0x0000020694761896 to 0x0000020694761f2c
Event: 2775.023 Thread 0x00000206af321620 Exception <a 'java/io/IOException'{0x000000070aab9288}> (0x000000070aab9288) 
thrown [s\src\hotspot\share\prims\jni.cpp, line 516]
Event: 2775.023 Thread 0x00000206af321620 Exception <a 'java/io/IOException'{0x000000070aab9dc8}> (0x000000070aab9dc8) 
thrown [s\src\hotspot\share\prims\jni.cpp, line 516]
Event: 2777.202 Thread 0x00000206af321620 Exception <a 'java/io/IOException'{0x000000070aabce18}> (0x000000070aabce18) 
thrown [s\src\hotspot\share\prims\jni.cpp, line 516]
Event: 2781.839 Thread 0x00000206af321620 Exception <a 'java/io/IOException'{0x000000070aabf730}> (0x000000070aabf730) 
thrown [s\src\hotspot\share\prims\jni.cpp, line 516]
Event: 2781.839 Thread 0x00000206af321620 Exception <a 'java/io/IOException'{0x000000070aac0270}> (0x000000070aac0270) 
thrown [s\src\hotspot\share\prims\jni.cpp, line 516]
Event: 2786.848 Thread 0x00000206af321620 Exception <a 'java/io/IOException'{0x000000070aac5898}> (0x000000070aac5898) 
thrown [s\src\hotspot\share\prims\jni.cpp, line 516]
Event: 2790.074 Thread 0x00000206af321620 Exception <a 'java/io/IOException'{0x000000070aac86b8}> (0x000000070aac86b8) 
thrown [s\src\hotspot\share\prims\jni.cpp, line 516]
Event: 2794.386 Thread 0x00000206af321620 Exception <a 'java/io/IOException'{0x000000070a92c360}> (0x000000070a92c360) 
thrown [s\src\hotspot\share\prims\jni.cpp, line 516]
Event: 2802.158 Thread 0x00000206af3243b0 Exception <a 'java/io/IOException'{0x000000070a64b460}> (0x000000070a64b460) 
thrown [s\src\hotspot\share\prims\jni.cpp, line 516]
Event: 2802.159 Thread 0x00000206af3243b0 Exception <a 'java/io/IOException'{0x000000070a64bfa0}> (0x000000070a64bfa0) 
thrown [s\src\hotspot\share\prims\jni.cpp, line 516]
Event: 2805.498 Thread 0x00000206af3243b0 Exception <a 'java/net/SocketException'{0x000000070a64efa0}: Connection reset by peer: shutdown> (0x000000070a64efa0) 
thrown [s\src\hotspot\share\prims\jni.cpp, line 535]
Event: 2812.737 Thread 0x00000206af326c30 Exception <a 'java/net/SocketException'{0x000000070a778598}: Connection reset by peer: shutdown> (0x000000070a778598) 
thrown [s\src\hotspot\share\prims\jni.cpp, line 535]
Event: 13558.498 Thread 0x00000206af6b6050 Implicit null exception at 0x0000020694be28b5 to 0x0000020694be2b7c
Event: 13558.498 Thread 0x00000206af6b6050 Implicit null exception at 0x0000020694be28b5 to 0x0000020694be2b7c
Event: 13558.498 Thread 0x00000206af6b6050 Implicit null exception at 0x0000020694be28b5 to 0x0000020694be2b7c
Event: 13558.498 Thread 0x00000206af6b6050 Implicit null exception at 0x0000020694be28b5 to 0x0000020694be2b7c
Event: 13558.499 Thread 0x00000206af6b6050 Implicit null exception at 0x0000020694be3220 to 0x0000020694be34dc

VM Operations (20 events):
Event: 3368.808 Executing VM operation: Cleanup
Event: 3368.808 Executing VM operation: Cleanup done
Event: 3532.577 Executing VM operation: Cleanup
Event: 3532.578 Executing VM operation: Cleanup done
Event: 3568.960 Executing VM operation: Cleanup
Event: 3568.961 Executing VM operation: Cleanup done
Event: 3609.380 Executing VM operation: Cleanup
Event: 3609.380 Executing VM operation: Cleanup done
Event: 3678.369 Executing VM operation: G1CollectForAllocation
Event: 3678.372 Executing VM operation: G1CollectForAllocation done
Event: 3769.101 Executing VM operation: Cleanup
Event: 3769.102 Executing VM operation: Cleanup done
Event: 3779.158 Executing VM operation: Cleanup
Event: 3779.159 Executing VM operation: Cleanup done
Event: 3968.539 Executing VM operation: Cleanup
Event: 3968.539 Executing VM operation: Cleanup done
Event: 4166.813 Executing VM operation: Cleanup
Event: 4166.814 Executing VM operation: Cleanup done
Event: 4196.016 Executing VM operation: Cleanup
Event: 4196.016 Executing VM operation: Cleanup done

Events (20 events):
Event: 1022.238 Thread 0x00000206ad160480 Thread exited: 0x00000206ad160480
Event: 1023.801 Thread 0x00000206adef8000 Thread exited: 0x00000206adef8000
Event: 2775.022 Thread 0x00000206af321620 Thread added: 0x00000206af321620
Event: 2775.024 Thread 0x00000206af327140 Thread added: 0x00000206af327140
Event: 2775.047 Thread 0x00000206adef8000 Thread added: 0x00000206adef8000
Event: 2775.049 Thread 0x00000206ad160480 Thread added: 0x00000206ad160480
Event: 2777.200 Thread 0x00000206ad160480 Thread exited: 0x00000206ad160480
Event: 2777.202 Thread 0x00000206adef8000 Thread exited: 0x00000206adef8000
Event: 2777.213 Thread 0x00000206adef8000 Thread added: 0x00000206adef8000
Event: 2784.110 Thread 0x00000206adef8000 Thread exited: 0x00000206adef8000
Event: 2799.399 Thread 0x00000206af321620 Thread exited: 0x00000206af321620
Event: 2799.461 Thread 0x00000206af327140 Thread exited: 0x00000206af327140
Event: 2802.156 Thread 0x00000206af3243b0 Thread added: 0x00000206af3243b0
Event: 2802.159 Thread 0x00000206af3257f0 Thread added: 0x00000206af3257f0
Event: 2810.507 Thread 0x00000206af3243b0 Thread exited: 0x00000206af3243b0
Event: 2810.569 Thread 0x00000206af3257f0 Thread exited: 0x00000206af3257f0
Event: 2812.736 Thread 0x00000206af326c30 Thread added: 0x00000206af326c30
Event: 2812.738 Thread 0x00000206af3243b0 Thread added: 0x00000206af3243b0
Event: 2817.738 Thread 0x00000206af326c30 Thread exited: 0x00000206af326c30
Event: 2817.801 Thread 0x00000206af3243b0 Thread exited: 0x00000206af3243b0


Dynamic libraries:
0x00007ff70f1d0000 - 0x00007ff70f1de000 	C:\Users\1066924\.p2\pool\plugins\org.eclipse.justj.openjdk.hotspot.jre.full.win32.x86_64_17.0.11.v20240426-1830\jre\bin\javaw.exe
0x00007ff878f10000 - 0x00007ff879127000 	C:\Windows\SYSTEM32\ntdll.dll
0x00007ff8778c0000 - 0x00007ff877984000 	C:\Windows\System32\KERNEL32.DLL
0x00007ff876530000 - 0x00007ff8768dd000 	C:\Windows\System32\KERNELBASE.dll
0x00007ff876b30000 - 0x00007ff876c41000 	C:\Windows\System32\ucrtbase.dll
0x00007ff862c50000 - 0x00007ff862c6b000 	C:\Users\1066924\.p2\pool\plugins\org.eclipse.justj.openjdk.hotspot.jre.full.win32.x86_64_17.0.11.v20240426-1830\jre\bin\VCRUNTIME140.dll
0x00007ff865850000 - 0x00007ff865867000 	C:\Users\1066924\.p2\pool\plugins\org.eclipse.justj.openjdk.hotspot.jre.full.win32.x86_64_17.0.11.v20240426-1830\jre\bin\jli.dll
0x00007ff877ac0000 - 0x00007ff877c6e000 	C:\Windows\System32\USER32.dll
0x00007ff8768e0000 - 0x00007ff876906000 	C:\Windows\System32\win32u.dll
0x00007ff855720000 - 0x00007ff8559b3000 	C:\Windows\WinSxS\amd64_microsoft.windows.common-controls_6595b64144ccf1df_6.0.22621.3672_none_2713b9d173822955\COMCTL32.dll
0x00007ff876f10000 - 0x00007ff876f39000 	C:\Windows\System32\GDI32.dll
0x00007ff877120000 - 0x00007ff8771c7000 	C:\Windows\System32\msvcrt.dll
0x00007ff876240000 - 0x00007ff876359000 	C:\Windows\System32\gdi32full.dll
0x00007ff876490000 - 0x00007ff87652a000 	C:\Windows\System32\msvcp_win.dll
0x00007ff877620000 - 0x00007ff877651000 	C:\Windows\System32\IMM32.DLL
0x00000206879a0000 - 0x00000206879b4000 	C:\Windows\System32\umppc18511.dll
0x00000206879e0000 - 0x00000206879f2000 	C:\Windows\System32\CsXumd64_18511.dll
0x000000006ed00000 - 0x000000006ed72000 	C:\Windows\System32\QIPCAP64.dll
0x00007ff877c70000 - 0x00007ff8784cf000 	C:\Windows\System32\SHELL32.dll
0x00007ff8788a0000 - 0x00007ff878952000 	C:\Windows\System32\ADVAPI32.dll
0x00007ff877560000 - 0x00007ff877609000 	C:\Windows\System32\sechost.dll
0x00007ff876910000 - 0x00007ff876938000 	C:\Windows\System32\bcrypt.dll
0x00007ff8784f0000 - 0x00007ff878604000 	C:\Windows\System32\RPCRT4.dll
0x00007ff8749f0000 - 0x00007ff874ae8000 	C:\Windows\SYSTEM32\DNSAPI.dll
0x00007ff8749c0000 - 0x00007ff8749ed000 	C:\Windows\SYSTEM32\IPHLPAPI.DLL
0x00007ff877610000 - 0x00007ff877619000 	C:\Windows\System32\NSI.dll
0x00007ff865560000 - 0x00007ff86556c000 	C:\Users\1066924\.p2\pool\plugins\org.eclipse.justj.openjdk.hotspot.jre.full.win32.x86_64_17.0.11.v20240426-1830\jre\bin\vcruntime140_1.dll
0x00007ff83fe90000 - 0x00007ff83ff1d000 	C:\Users\1066924\.p2\pool\plugins\org.eclipse.justj.openjdk.hotspot.jre.full.win32.x86_64_17.0.11.v20240426-1830\jre\bin\msvcp140.dll
0x00007fffed1e0000 - 0x00007fffede42000 	C:\Users\1066924\.p2\pool\plugins\org.eclipse.justj.openjdk.hotspot.jre.full.win32.x86_64_17.0.11.v20240426-1830\jre\bin\server\jvm.dll
0x00007ff875f50000 - 0x00007ff875f9d000 	C:\Windows\SYSTEM32\POWRPROF.dll
0x00007ff837c90000 - 0x00007ff837c99000 	C:\Windows\SYSTEM32\WSOCK32.dll
0x00007ff8770a0000 - 0x00007ff877111000 	C:\Windows\System32\WS2_32.dll
0x00007ff86de20000 - 0x00007ff86de54000 	C:\Windows\SYSTEM32\WINMM.dll
0x00007ff86e470000 - 0x00007ff86e47a000 	C:\Windows\SYSTEM32\VERSION.dll
0x00007ff875f30000 - 0x00007ff875f43000 	C:\Windows\SYSTEM32\UMPDC.dll
0x00007ff875140000 - 0x00007ff875158000 	C:\Windows\SYSTEM32\kernel.appcore.dll
0x00007ff837ab0000 - 0x00007ff837aba000 	C:\Users\1066924\.p2\pool\plugins\org.eclipse.justj.openjdk.hotspot.jre.full.win32.x86_64_17.0.11.v20240426-1830\jre\bin\jimage.dll
0x00007ff8737d0000 - 0x00007ff873a02000 	C:\Windows\SYSTEM32\DBGHELP.DLL
0x00007ff8771d0000 - 0x00007ff877558000 	C:\Windows\System32\combase.dll
0x00007ff877660000 - 0x00007ff877737000 	C:\Windows\System32\OLEAUT32.dll
0x00007ff8654b0000 - 0x00007ff8654e2000 	C:\Windows\SYSTEM32\dbgcore.DLL
0x00007ff876ab0000 - 0x00007ff876b2b000 	C:\Windows\System32\bcryptPrimitives.dll
0x00007ff800b00000 - 0x00007ff800b25000 	C:\Users\1066924\.p2\pool\plugins\org.eclipse.justj.openjdk.hotspot.jre.full.win32.x86_64_17.0.11.v20240426-1830\jre\bin\java.dll
0x00007ffff8b20000 - 0x00007ffff8b38000 	C:\Users\1066924\.p2\pool\plugins\org.eclipse.justj.openjdk.hotspot.jre.full.win32.x86_64_17.0.11.v20240426-1830\jre\bin\zip.dll
0x00007ff873f70000 - 0x00007ff87486c000 	C:\Windows\SYSTEM32\windows.storage.dll
0x00007ff873d30000 - 0x00007ff873e6f000 	C:\Windows\SYSTEM32\wintypes.dll
0x00007ff877740000 - 0x00007ff877834000 	C:\Windows\System32\SHCORE.dll
0x0000020689510000 - 0x000002068956e000 	C:\Windows\System32\shlwapi.dll
0x00007ff876170000 - 0x00007ff876191000 	C:\Windows\SYSTEM32\profapi.dll
0x00007ffff7fd0000 - 0x00007ffff7fe9000 	C:\Users\1066924\.p2\pool\plugins\org.eclipse.justj.openjdk.hotspot.jre.full.win32.x86_64_17.0.11.v20240426-1830\jre\bin\net.dll
0x00007ff875160000 - 0x00007ff875296000 	C:\Windows\SYSTEM32\WINHTTP.dll
0x00007ff8756e0000 - 0x00007ff875749000 	C:\Windows\system32\mswsock.dll
0x00007fffecd90000 - 0x00007fffecda6000 	C:\Users\1066924\.p2\pool\plugins\org.eclipse.justj.openjdk.hotspot.jre.full.win32.x86_64_17.0.11.v20240426-1830\jre\bin\nio.dll
0x00007ff8651c0000 - 0x00007ff8651c9000 	C:\Users\1066924\.p2\pool\plugins\org.eclipse.justj.openjdk.hotspot.jre.full.win32.x86_64_17.0.11.v20240426-1830\jre\bin\management.dll
0x00007ff8642b0000 - 0x00007ff8642bb000 	C:\Users\1066924\.p2\pool\plugins\org.eclipse.justj.openjdk.hotspot.jre.full.win32.x86_64_17.0.11.v20240426-1830\jre\bin\management_ext.dll
0x0000020689570000 - 0x0000020689578000 	C:\Windows\System32\PSAPI.DLL
0x00007ff862c40000 - 0x00007ff862c4e000 	C:\Users\1066924\.p2\pool\plugins\org.eclipse.justj.openjdk.hotspot.jre.full.win32.x86_64_17.0.11.v20240426-1830\jre\bin\sunmscapi.dll
0x00007ff876940000 - 0x00007ff876aa7000 	C:\Windows\System32\CRYPT32.dll
0x00007ff875b00000 - 0x00007ff875b2e000 	C:\Windows\SYSTEM32\ncrypt.dll
0x00007ff875ac0000 - 0x00007ff875af7000 	C:\Windows\SYSTEM32\NTASN1.dll
0x00007ff8759e0000 - 0x00007ff8759fb000 	C:\Windows\SYSTEM32\CRYPTSP.dll
0x00007ff8750a0000 - 0x00007ff8750d5000 	C:\Windows\system32\rsaenh.dll
0x00007ff875780000 - 0x00007ff8757a8000 	C:\Windows\SYSTEM32\USERENV.dll
0x00007ff8759c0000 - 0x00007ff8759cc000 	C:\Windows\SYSTEM32\CRYPTBASE.dll
0x00007ff86e920000 - 0x00007ff86e939000 	C:\Windows\SYSTEM32\dhcpcsvc6.DLL
0x00007ff86e760000 - 0x00007ff86e77f000 	C:\Windows\SYSTEM32\dhcpcsvc.DLL
0x00007ff838290000 - 0x00007ff8382a0000 	C:\Users\1066924\.p2\pool\plugins\org.eclipse.justj.openjdk.hotspot.jre.full.win32.x86_64_17.0.11.v20240426-1830\jre\bin\verify.dll
0x00007ff86bb70000 - 0x00007ff86bb7a000 	C:\Windows\System32\rasadhlp.dll
0x00007ff86f3c0000 - 0x00007ff86f443000 	C:\Windows\System32\fwpuclnt.dll
0x00007ff86bc90000 - 0x00007ff86bc99000 	C:\Users\1066924\.p2\pool\plugins\org.eclipse.justj.openjdk.hotspot.jre.full.win32.x86_64_17.0.11.v20240426-1830\jre\bin\extnet.dll
0x00007ff8659c0000 - 0x00007ff8659c8000 	C:\Windows\system32\wshunix.dll

dbghelp: loaded successfully - version: 4.0.5 - missing functions: none
symbol engine: initialized successfully - sym options: 0x614 - pdb path: .;C:\Users\1066924\.p2\pool\plugins\org.eclipse.justj.openjdk.hotspot.jre.full.win32.x86_64_17.0.11.v20240426-1830\jre\bin;C:\Windows\SYSTEM32;C:\Windows\WinSxS\amd64_microsoft.windows.common-controls_6595b64144ccf1df_6.0.22621.3672_none_2713b9d173822955;C:\Users\1066924\.p2\pool\plugins\org.eclipse.justj.openjdk.hotspot.jre.full.win32.x86_64_17.0.11.v20240426-1830\jre\bin\server

VM Arguments:
jvm_args: -Dfile.encoding=UTF-8 -XX:+ShowCodeDetailsInExceptionMessages 
java_command: com.device.service.DeviceServiceApplication
java_class_path (initial): C:\Users\1066924\Downloads\device-service\device-service\target\classes;C:\Users\1066924\.m2\repository\org\springframework\boot\spring-boot-starter-data-jpa\3.3.1\spring-boot-starter-data-jpa-3.3.1.jar;C:\Users\1066924\.m2\repository\org\springframework\boot\spring-boot-starter-aop\3.3.1\spring-boot-starter-aop-3.3.1.jar;C:\Users\1066924\.m2\repository\org\springframework\spring-aop\6.1.10\spring-aop-6.1.10.jar;C:\Users\1066924\.m2\repository\org\aspectj\aspectjweaver\1.9.22\aspectjweaver-1.9.22.jar;C:\Users\1066924\.m2\repository\org\springframework\boot\spring-boot-starter-jdbc\3.3.1\spring-boot-starter-jdbc-3.3.1.jar;C:\Users\1066924\.m2\repository\com\zaxxer\HikariCP\5.1.0\HikariCP-5.1.0.jar;C:\Users\1066924\.m2\repository\org\springframework\spring-jdbc\6.1.10\spring-jdbc-6.1.10.jar;C:\Users\1066924\.m2\repository\org\hibernate\orm\hibernate-core\6.5.2.Final\hibernate-core-6.5.2.Final.jar;C:\Users\1066924\.m2\repository\jakarta\persistence\jakarta.persistence-api\3.1.0\jakarta.persistence-api-3.1.0.jar;C:\Users\1066924\.m2\repository\jakarta\transaction\jakarta.transaction-api\2.0.1\jakarta.transaction-api-2.0.1.jar;C:\Users\1066924\.m2\repository\org\jboss\logging\jboss-logging\3.5.3.Final\jboss-logging-3.5.3.Final.jar;C:\Users\1066924\.m2\repository\org\hibernate\common\hibernate-commons-annotations\6.0.6.Final\hibernate-commons-annotations-6.0.6.Final.jar;C:\Users\1066924\.m2\repository\io\smallrye\jandex\3.1.2\jandex-3.1.2.jar;C:\Users\1066924\.m2\repository\com\fasterxml\classmate\1.7.0\classmate-1.7.0.jar;C:\Users\1066924\.m2\repository\net\bytebuddy\byte-buddy\1.14.17\byte-buddy-1.14.17.jar;C:\Users\1066924\.m2\repository\org\glassfish\jaxb\jaxb-runtime\4.0.5\jaxb-runtime-4.0.5.jar;C:\Users\1066924\.m2\repository\org\glassfish\jaxb\jaxb-core\4.0.5\jaxb-core-4.0.5.jar;C:\Users\1066924\.m2\repository\org\eclipse\angus\angus-activation\2.0.2\angus-activation-2.0.2.jar;C:\Users\1066924\.m2\repository\org\glassfish\jaxb\txw2\4.0.
Launcher Type: SUN_STANDARD

[Global flags]
     intx CICompilerCount                          = 4                                         {product} {ergonomic}
     uint ConcGCThreads                            = 2                                         {product} {ergonomic}
     uint G1ConcRefinementThreads                  = 8                                         {product} {ergonomic}
   size_t G1HeapRegionSize                         = 2097152                                   {product} {ergonomic}
    uintx GCDrainStackTargetSize                   = 64                                        {product} {ergonomic}
   size_t InitialHeapSize                          = 262144000                                 {product} {ergonomic}
   size_t MarkStackSize                            = 4194304                                   {product} {ergonomic}
   size_t MaxHeapSize                              = 4192206848                                {product} {ergonomic}
   size_t MaxNewSize                               = 2514485248                                {product} {ergonomic}
   size_t MinHeapDeltaBytes                        = 2097152                                   {product} {ergonomic}
   size_t MinHeapSize                              = 8388608                                   {product} {ergonomic}
    uintx NonNMethodCodeHeapSize                   = 5839372                                {pd product} {ergonomic}
    uintx NonProfiledCodeHeapSize                  = 122909434                              {pd product} {ergonomic}
    uintx ProfiledCodeHeapSize                     = 122909434                              {pd product} {ergonomic}
    uintx ReservedCodeCacheSize                    = 251658240                              {pd product} {ergonomic}
     bool SegmentedCodeCache                       = true                                      {product} {ergonomic}
     bool ShowCodeDetailsInExceptionMessages       = true                                   {manageable} {command line}
   size_t SoftMaxHeapSize                          = 4192206848                             {manageable} {ergonomic}
     bool UseCompressedClassPointers               = true                           {product lp64_product} {ergonomic}
     bool UseCompressedOops                        = true                           {product lp64_product} {ergonomic}
     bool UseG1GC                                  = true                                      {product} {ergonomic}
     bool UseLargePagesIndividualAllocation        = false                                  {pd product} {ergonomic}

Logging:
Log output configuration:
 #0: stdout all=warning uptime,level,tags
 #1: stderr all=off uptime,level,tags

Environment Variables:
PATH=C:/Users/1066924/.p2/pool/plugins/org.eclipse.justj.openjdk.hotspot.jre.full.win32.x86_64_17.0.11.v20240426-1830/jre/bin/server;C:/Users/1066924/.p2/pool/plugins/org.eclipse.justj.openjdk.hotspot.jre.full.win32.x86_64_17.0.11.v20240426-1830/jre/bin;C:\Program Files\Microsoft\jdk-17.0.8.101-hotspot\bin;C:\Windows\system32;C:\Windows;C:\Windows\System32\Wbem;C:\Windows\System32\WindowsPowerShell\v1.0\;C:\Windows\System32\OpenSSH\;C:\Users\1066924\AppData\Local\Microsoft\WindowsApps;C:\Users\1066924\AppData\Local\JetBrains\IntelliJ IDEA Community Edition 2023.3.4\bin;;C:\Users\1066924\AppData\Local\Programs\Git\cmd;C:\Users\1066924\AppData\Local\Programs\Microsoft VS Code\bin;C:\Users\1066924\Desktop;
USERNAME=1066924
OS=Windows_NT
PROCESSOR_IDENTIFIER=Intel64 Family 6 Model 142 Stepping 12, GenuineIntel
TMP=C:\Users\1066924\AppData\Local\Temp
TEMP=C:\Users\1066924\AppData\Local\Temp



Periodic native trim disabled


---------------  S Y S T E M  ---------------

OS:
 Windows 11 , 64 bit Build 22621 (10.0.22621.3672)
OS uptime: 0 days 10:49 hours
Hyper-V role detected

CPU: total 8 (initial active 8) (4 cores per cpu, 2 threads per core) family 6 model 142 stepping 12 microcode 0xf4, cx8, cmov, fxsr, ht, mmx, 3dnowpref, sse, sse2, sse3, ssse3, sse4.1, sse4.2, popcnt, lzcnt, tsc, tscinvbit, avx, avx2, aes, erms, clmul, bmi1, bmi2, adx, fma, vzeroupper, clflush, clflushopt, hv
Processor Information for all 8 processors :
  Max Mhz: 2208, Current Mhz: 1706, Mhz Limit: 1700

Memory: 4k page, system-wide physical 15984M (6182M free)
TotalPageFile size 22384M (AvailPageFile size 7356M)
current process WorkingSet (physical memory assigned to process): 145M, peak: 324M
current process commit charge ("private bytes"): 301M, peak: 416M

vm_info: OpenJDK 64-Bit Server VM (17.0.11+9) for windows-amd64 JRE (17.0.11+9), built on Apr 17 2024 06:07:48 by "admin" with MS VC++ 16.10 / 16.11 (VS2019)

END.
